2017-11-16T06:25:35+00:00 CRITICAL Out of memory (allocated 18874368) (tried to allocate 4096 bytes)

2017-11-25T22:50:38+00:00 CRITICAL Out of memory (allocated 23068672) (tried to allocate 114688 bytes)

2017-11-25T22:50:51+00:00 CRITICAL Out of memory (allocated 6291456) (tried to allocate 458752 bytes)

2017-11-25T22:50:58+00:00 CRITICAL Out of memory (allocated 4194304) (tried to allocate 458752 bytes)

2017-11-26T00:18:15+00:00 CRITICAL Out of memory (allocated 4194304) (tried to allocate 49152 bytes)

2017-11-26T01:33:05+00:00 CRITICAL Out of memory (allocated 6291456) (tried to allocate 32768 bytes)

2017-11-27T01:52:56+00:00 CRITICAL Out of memory (allocated 37748736) (tried to allocate 106496 bytes)

2017-11-27T02:05:10+00:00 CRITICAL Out of memory (allocated 2097152) (tried to allocate 114688 bytes)

2017-11-27T02:05:36+00:00 CRITICAL Out of memory (allocated 2097152) (tried to allocate 49152 bytes)

2017-11-27T02:05:44+00:00 CRITICAL Out of memory (allocated 2097152) (tried to allocate 49152 bytes)

2017-11-27T02:05:46+00:00 CRITICAL Out of memory (allocated 2097152) (tried to allocate 36864 bytes)

2017-11-27T02:05:50+00:00 CRITICAL Out of memory (allocated 2097152) (tried to allocate 36864 bytes)

2017-11-27T03:01:35+00:00 CRITICAL Out of memory (allocated 4194304) (tried to allocate 114688 bytes)

2017-11-27T03:06:09+00:00 CRITICAL Out of memory (allocated 8388608) (tried to allocate 114688 bytes)

2017-11-27T03:06:29+00:00 CRITICAL Out of memory (allocated 4194304) (tried to allocate 114688 bytes)

2017-11-27T03:06:33+00:00 CRITICAL Out of memory (allocated 4194304) (tried to allocate 114688 bytes)

2017-11-26T21:38:19+00:00 CRITICAL Uncaught ArgumentCountError: Too few arguments to function ReduxFramework::_validate_values(), 2 passed in C:\Users\Adil\sn\2\SafetyNorth\UniServerZ\www\wordpress\wp-content\plugins\ultimate-member\admin\core\lib\ReduxFramework\ReduxCore\framework.php on line 2960 and exactly 3 expected in C:\Users\Adil\sn\2\SafetyNorth\UniServerZ\www\wordpress\wp-content\plugins\ultimate-member\admin\core\lib\ReduxFramework\ReduxCore\framework.php:2938
Stack trace:
#0 C:\Users\Adil\sn\2\SafetyNorth\UniServerZ\www\wordpress\wp-content\plugins\ultimate-member\admin\core\lib\ReduxFramework\ReduxCore\framework.php(2960): ReduxFramework->_validate_values(Array, Array)
#1 C:\Users\Adil\sn\2\SafetyNorth\UniServerZ\www\wordpress\wp-content\plugins\ultimate-member\admin\core\lib\ReduxFramework\ReduxCore\framework.php(2705): ReduxFramework->_validate_values(Array, Array, Array)
#2 C:\Users\Adil\sn\2\SafetyNorth\UniServerZ\www\wordpress\wp-content\plugins\ultimate-member\admin\core\lib\ReduxFramework\ReduxCore\framework.php(2834): Redu

2017-11-26T21:38:31+00:00 CRITICAL Uncaught ArgumentCountError: Too few arguments to function ReduxFramework::_validate_values(), 2 passed in C:\Users\Adil\sn\2\SafetyNorth\UniServerZ\www\wordpress\wp-content\plugins\ultimate-member\admin\core\lib\ReduxFramework\ReduxCore\framework.php on line 2960 and exactly 3 expected in C:\Users\Adil\sn\2\SafetyNorth\UniServerZ\www\wordpress\wp-content\plugins\ultimate-member\admin\core\lib\ReduxFramework\ReduxCore\framework.php:2938
Stack trace:
#0 C:\Users\Adil\sn\2\SafetyNorth\UniServerZ\www\wordpress\wp-content\plugins\ultimate-member\admin\core\lib\ReduxFramework\ReduxCore\framework.php(2960): ReduxFramework->_validate_values(Array, Array)
#1 C:\Users\Adil\sn\2\SafetyNorth\UniServerZ\www\wordpress\wp-content\plugins\ultimate-member\admin\core\lib\ReduxFramework\ReduxCore\framework.php(2705): ReduxFramework->_validate_values(Array, Array, Array)
#2 C:\Users\Adil\sn\2\SafetyNorth\UniServerZ\www\wordpress\wp-content\plugins\ultimate-member\admin\core\lib\ReduxFramework\ReduxCore\framework.php(2834): Redu

2017-11-26T21:39:02+00:00 CRITICAL Uncaught ArgumentCountError: Too few arguments to function ReduxFramework::_validate_values(), 2 passed in C:\Users\Adil\sn\2\SafetyNorth\UniServerZ\www\wordpress\wp-content\plugins\ultimate-member\admin\core\lib\ReduxFramework\ReduxCore\framework.php on line 2960 and exactly 3 expected in C:\Users\Adil\sn\2\SafetyNorth\UniServerZ\www\wordpress\wp-content\plugins\ultimate-member\admin\core\lib\ReduxFramework\ReduxCore\framework.php:2938
Stack trace:
#0 C:\Users\Adil\sn\2\SafetyNorth\UniServerZ\www\wordpress\wp-content\plugins\ultimate-member\admin\core\lib\ReduxFramework\ReduxCore\framework.php(2960): ReduxFramework->_validate_values(Array, Array)
#1 C:\Users\Adil\sn\2\SafetyNorth\UniServerZ\www\wordpress\wp-content\plugins\ultimate-member\admin\core\lib\ReduxFramework\ReduxCore\framework.php(2705): ReduxFramework->_validate_values(Array, Array, Array)
#2 C:\Users\Adil\sn\2\SafetyNorth\UniServerZ\www\wordpress\wp-content\plugins\ultimate-member\admin\core\lib\ReduxFramework\ReduxCore\framework.php(2834): Redu

2017-11-26T21:40:22+00:00 CRITICAL Uncaught ArgumentCountError: Too few arguments to function ReduxFramework::_validate_values(), 2 passed in C:\Users\Adil\sn\2\SafetyNorth\UniServerZ\www\wordpress\wp-content\plugins\ultimate-member\admin\core\lib\ReduxFramework\ReduxCore\framework.php on line 2960 and exactly 3 expected in C:\Users\Adil\sn\2\SafetyNorth\UniServerZ\www\wordpress\wp-content\plugins\ultimate-member\admin\core\lib\ReduxFramework\ReduxCore\framework.php:2938
Stack trace:
#0 C:\Users\Adil\sn\2\SafetyNorth\UniServerZ\www\wordpress\wp-content\plugins\ultimate-member\admin\core\lib\ReduxFramework\ReduxCore\framework.php(2960): ReduxFramework->_validate_values(Array, Array)
#1 C:\Users\Adil\sn\2\SafetyNorth\UniServerZ\www\wordpress\wp-content\plugins\ultimate-member\admin\core\lib\ReduxFramework\ReduxCore\framework.php(2705): ReduxFramework->_validate_values(Array, Array, Array)
#2 C:\Users\Adil\sn\2\SafetyNorth\UniServerZ\www\wordpress\wp-content\plugins\ultimate-member\admin\core\lib\ReduxFramework\ReduxCore\framework.php(2834): Redu

2017-11-26T21:40:40+00:00 CRITICAL Uncaught ArgumentCountError: Too few arguments to function ReduxFramework::_validate_values(), 2 passed in C:\Users\Adil\sn\2\SafetyNorth\UniServerZ\www\wordpress\wp-content\plugins\ultimate-member\admin\core\lib\ReduxFramework\ReduxCore\framework.php on line 2960 and exactly 3 expected in C:\Users\Adil\sn\2\SafetyNorth\UniServerZ\www\wordpress\wp-content\plugins\ultimate-member\admin\core\lib\ReduxFramework\ReduxCore\framework.php:2938
Stack trace:
#0 C:\Users\Adil\sn\2\SafetyNorth\UniServerZ\www\wordpress\wp-content\plugins\ultimate-member\admin\core\lib\ReduxFramework\ReduxCore\framework.php(2960): ReduxFramework->_validate_values(Array, Array)
#1 C:\Users\Adil\sn\2\SafetyNorth\UniServerZ\www\wordpress\wp-content\plugins\ultimate-member\admin\core\lib\ReduxFramework\ReduxCore\framework.php(2705): ReduxFramework->_validate_values(Array, Array, Array)
#2 C:\Users\Adil\sn\2\SafetyNorth\UniServerZ\www\wordpress\wp-content\plugins\ultimate-member\admin\core\lib\ReduxFramework\ReduxCore\framework.php(2834): Redu

2017-11-26T21:41:10+00:00 CRITICAL Uncaught ArgumentCountError: Too few arguments to function ReduxFramework::_validate_values(), 2 passed in C:\Users\Adil\sn\2\SafetyNorth\UniServerZ\www\wordpress\wp-content\plugins\ultimate-member\admin\core\lib\ReduxFramework\ReduxCore\framework.php on line 2960 and exactly 3 expected in C:\Users\Adil\sn\2\SafetyNorth\UniServerZ\www\wordpress\wp-content\plugins\ultimate-member\admin\core\lib\ReduxFramework\ReduxCore\framework.php:2938
Stack trace:
#0 C:\Users\Adil\sn\2\SafetyNorth\UniServerZ\www\wordpress\wp-content\plugins\ultimate-member\admin\core\lib\ReduxFramework\ReduxCore\framework.php(2960): ReduxFramework->_validate_values(Array, Array)
#1 C:\Users\Adil\sn\2\SafetyNorth\UniServerZ\www\wordpress\wp-content\plugins\ultimate-member\admin\core\lib\ReduxFramework\ReduxCore\framework.php(2705): ReduxFramework->_validate_values(Array, Array, Array)
#2 C:\Users\Adil\sn\2\SafetyNorth\UniServerZ\www\wordpress\wp-content\plugins\ultimate-member\admin\core\lib\ReduxFramework\ReduxCore\framework.php(2834): Redu

2017-11-26T21:43:06+00:00 CRITICAL Uncaught ArgumentCountError: Too few arguments to function ReduxFramework::_validate_values(), 2 passed in C:\Users\Adil\sn\2\SafetyNorth\UniServerZ\www\wordpress\wp-content\plugins\ultimate-member\admin\core\lib\ReduxFramework\ReduxCore\framework.php on line 2960 and exactly 3 expected in C:\Users\Adil\sn\2\SafetyNorth\UniServerZ\www\wordpress\wp-content\plugins\ultimate-member\admin\core\lib\ReduxFramework\ReduxCore\framework.php:2938
Stack trace:
#0 C:\Users\Adil\sn\2\SafetyNorth\UniServerZ\www\wordpress\wp-content\plugins\ultimate-member\admin\core\lib\ReduxFramework\ReduxCore\framework.php(2960): ReduxFramework->_validate_values(Array, Array)
#1 C:\Users\Adil\sn\2\SafetyNorth\UniServerZ\www\wordpress\wp-content\plugins\ultimate-member\admin\core\lib\ReduxFramework\ReduxCore\framework.php(2705): ReduxFramework->_validate_values(Array, Array, Array)
#2 C:\Users\Adil\sn\2\SafetyNorth\UniServerZ\www\wordpress\wp-content\plugins\ultimate-member\admin\core\lib\ReduxFramework\ReduxCore\framework.php(2834): Redu

2017-11-26T21:45:20+00:00 CRITICAL Uncaught ArgumentCountError: Too few arguments to function ReduxFramework::_validate_values(), 2 passed in C:\Users\Adil\sn\2\SafetyNorth\UniServerZ\www\wordpress\wp-content\plugins\ultimate-member\admin\core\lib\ReduxFramework\ReduxCore\framework.php on line 2960 and exactly 3 expected in C:\Users\Adil\sn\2\SafetyNorth\UniServerZ\www\wordpress\wp-content\plugins\ultimate-member\admin\core\lib\ReduxFramework\ReduxCore\framework.php:2938
Stack trace:
#0 C:\Users\Adil\sn\2\SafetyNorth\UniServerZ\www\wordpress\wp-content\plugins\ultimate-member\admin\core\lib\ReduxFramework\ReduxCore\framework.php(2960): ReduxFramework->_validate_values(Array, Array)
#1 C:\Users\Adil\sn\2\SafetyNorth\UniServerZ\www\wordpress\wp-content\plugins\ultimate-member\admin\core\lib\ReduxFramework\ReduxCore\framework.php(2705): ReduxFramework->_validate_values(Array, Array, Array)
#2 C:\Users\Adil\sn\2\SafetyNorth\UniServerZ\www\wordpress\wp-content\plugins\ultimate-member\admin\core\lib\ReduxFramework\ReduxCore\framework.php(2834): Redu

2017-11-26T21:47:27+00:00 CRITICAL Uncaught ArgumentCountError: Too few arguments to function ReduxFramework::_validate_values(), 2 passed in C:\Users\Adil\sn\2\SafetyNorth\UniServerZ\www\wordpress\wp-content\plugins\ultimate-member\admin\core\lib\ReduxFramework\ReduxCore\framework.php on line 2960 and exactly 3 expected in C:\Users\Adil\sn\2\SafetyNorth\UniServerZ\www\wordpress\wp-content\plugins\ultimate-member\admin\core\lib\ReduxFramework\ReduxCore\framework.php:2938
Stack trace:
#0 C:\Users\Adil\sn\2\SafetyNorth\UniServerZ\www\wordpress\wp-content\plugins\ultimate-member\admin\core\lib\ReduxFramework\ReduxCore\framework.php(2960): ReduxFramework->_validate_values(Array, Array)
#1 C:\Users\Adil\sn\2\SafetyNorth\UniServerZ\www\wordpress\wp-content\plugins\ultimate-member\admin\core\lib\ReduxFramework\ReduxCore\framework.php(2705): ReduxFramework->_validate_values(Array, Array, Array)
#2 C:\Users\Adil\sn\2\SafetyNorth\UniServerZ\www\wordpress\wp-content\plugins\ultimate-member\admin\core\lib\ReduxFramework\ReduxCore\framework.php(2834): Redu

2017-11-26T21:47:52+00:00 CRITICAL Uncaught ArgumentCountError: Too few arguments to function ReduxFramework::_validate_values(), 2 passed in C:\Users\Adil\sn\2\SafetyNorth\UniServerZ\www\wordpress\wp-content\plugins\ultimate-member\admin\core\lib\ReduxFramework\ReduxCore\framework.php on line 2960 and exactly 3 expected in C:\Users\Adil\sn\2\SafetyNorth\UniServerZ\www\wordpress\wp-content\plugins\ultimate-member\admin\core\lib\ReduxFramework\ReduxCore\framework.php:2938
Stack trace:
#0 C:\Users\Adil\sn\2\SafetyNorth\UniServerZ\www\wordpress\wp-content\plugins\ultimate-member\admin\core\lib\ReduxFramework\ReduxCore\framework.php(2960): ReduxFramework->_validate_values(Array, Array)
#1 C:\Users\Adil\sn\2\SafetyNorth\UniServerZ\www\wordpress\wp-content\plugins\ultimate-member\admin\core\lib\ReduxFramework\ReduxCore\framework.php(2705): ReduxFramework->_validate_values(Array, Array, Array)
#2 C:\Users\Adil\sn\2\SafetyNorth\UniServerZ\www\wordpress\wp-content\plugins\ultimate-member\admin\core\lib\ReduxFramework\ReduxCore\framework.php(2834): Redu

2017-11-26T21:48:28+00:00 CRITICAL Uncaught ArgumentCountError: Too few arguments to function ReduxFramework::_validate_values(), 2 passed in C:\Users\Adil\sn\2\SafetyNorth\UniServerZ\www\wordpress\wp-content\plugins\ultimate-member\admin\core\lib\ReduxFramework\ReduxCore\framework.php on line 2960 and exactly 3 expected in C:\Users\Adil\sn\2\SafetyNorth\UniServerZ\www\wordpress\wp-content\plugins\ultimate-member\admin\core\lib\ReduxFramework\ReduxCore\framework.php:2938
Stack trace:
#0 C:\Users\Adil\sn\2\SafetyNorth\UniServerZ\www\wordpress\wp-content\plugins\ultimate-member\admin\core\lib\ReduxFramework\ReduxCore\framework.php(2960): ReduxFramework->_validate_values(Array, Array)
#1 C:\Users\Adil\sn\2\SafetyNorth\UniServerZ\www\wordpress\wp-content\plugins\ultimate-member\admin\core\lib\ReduxFramework\ReduxCore\framework.php(2705): ReduxFramework->_validate_values(Array, Array, Array)
#2 C:\Users\Adil\sn\2\SafetyNorth\UniServerZ\www\wordpress\wp-content\plugins\ultimate-member\admin\core\lib\ReduxFramework\ReduxCore\framework.php(2834): Redu

2017-11-26T21:50:16+00:00 CRITICAL Uncaught ArgumentCountError: Too few arguments to function ReduxFramework::_validate_values(), 2 passed in C:\Users\Adil\sn\2\SafetyNorth\UniServerZ\www\wordpress\wp-content\plugins\ultimate-member\admin\core\lib\ReduxFramework\ReduxCore\framework.php on line 2960 and exactly 3 expected in C:\Users\Adil\sn\2\SafetyNorth\UniServerZ\www\wordpress\wp-content\plugins\ultimate-member\admin\core\lib\ReduxFramework\ReduxCore\framework.php:2938
Stack trace:
#0 C:\Users\Adil\sn\2\SafetyNorth\UniServerZ\www\wordpress\wp-content\plugins\ultimate-member\admin\core\lib\ReduxFramework\ReduxCore\framework.php(2960): ReduxFramework->_validate_values(Array, Array)
#1 C:\Users\Adil\sn\2\SafetyNorth\UniServerZ\www\wordpress\wp-content\plugins\ultimate-member\admin\core\lib\ReduxFramework\ReduxCore\framework.php(2705): ReduxFramework->_validate_values(Array, Array, Array)
#2 C:\Users\Adil\sn\2\SafetyNorth\UniServerZ\www\wordpress\wp-content\plugins\ultimate-member\admin\core\lib\ReduxFramework\ReduxCore\framework.php(2834): Redu

2017-11-26T23:06:11+00:00 CRITICAL Out of memory (allocated 50331648) (tried to allocate 114688 bytes)

2017-11-27T01:31:12+00:00 CRITICAL Uncaught ArgumentCountError: Too few arguments to function ReduxFramework::_validate_values(), 2 passed in C:\Users\Adil\sn\2\SafetyNorth\UniServerZ\www\wordpress\wp-content\plugins\ultimate-member\admin\core\lib\ReduxFramework\ReduxCore\framework.php on line 2960 and exactly 3 expected in C:\Users\Adil\sn\2\SafetyNorth\UniServerZ\www\wordpress\wp-content\plugins\ultimate-member\admin\core\lib\ReduxFramework\ReduxCore\framework.php:2938
Stack trace:
#0 C:\Users\Adil\sn\2\SafetyNorth\UniServerZ\www\wordpress\wp-content\plugins\ultimate-member\admin\core\lib\ReduxFramework\ReduxCore\framework.php(2960): ReduxFramework->_validate_values(Array, Array)
#1 C:\Users\Adil\sn\2\SafetyNorth\UniServerZ\www\wordpress\wp-content\plugins\ultimate-member\admin\core\lib\ReduxFramework\ReduxCore\framework.php(2705): ReduxFramework->_validate_values(Array, Array, Array)
#2 C:\Users\Adil\sn\2\SafetyNorth\UniServerZ\www\wordpress\wp-content\plugins\ultimate-member\admin\core\lib\ReduxFramework\ReduxCore\framework.php(2834): Redu

2017-11-29T20:00:21+00:00 CRITICAL Out of memory (allocated 6291456) (tried to allocate 12288 bytes)

2017-11-29T20:05:29+00:00 CRITICAL Out of memory (allocated 10485760) (tried to allocate 12288 bytes)

2017-11-29T20:49:15+00:00 CRITICAL Out of memory (allocated 2097152) (tried to allocate 20480 bytes)

2017-11-30T20:17:25+00:00 CRITICAL Out of memory (allocated 2097152) (tried to allocate 458752 bytes)

