::1 - - [25/Sep/2017:16:19:15 -0600] "GET /index.php HTTP/1.1" 200 1231 "-" "Mozilla/5.0 (Windows NT 6.1; Win64; x64) AppleWebKit/537.36 (KHTML, like Gecko) Chrome/60.0.3112.113 Safari/537.36"
127.0.0.1 - - [25/Sep/2017:16:19:30 -0600] "GET /us_splash/index.php HTTP/1.1" 200 1466 "-" "Mozilla/5.0 (Windows NT 6.1; Win64; x64) AppleWebKit/537.36 (KHTML, like Gecko) Chrome/60.0.3112.113 Safari/537.36"
::1 - - [25/Sep/2017:16:20:18 -0600] "GET /us_opt1/index.php HTTP/1.1" 200 11721 "-" "Mozilla/5.0 (Windows NT 6.1; Win64; x64) AppleWebKit/537.36 (KHTML, like Gecko) Chrome/60.0.3112.113 Safari/537.36"
::1 - - [25/Sep/2017:16:20:20 -0600] "GET /us_opt1/phpmyadmin.css.php?nocache=5905452430ltr HTTP/1.1" 200 20070 "-" "Mozilla/5.0 (Windows NT 6.1; Win64; x64) AppleWebKit/537.36 (KHTML, like Gecko) Chrome/60.0.3112.113 Safari/537.36"
::1 - - [25/Sep/2017:16:20:20 -0600] "GET /us_opt1/js/whitelist.php?lang=en&db=&token=3e159296c6669f865cd2e9db912e207a&v=4.6.6 HTTP/1.1" 200 475 "-" "Mozilla/5.0 (Windows NT 6.1; Win64; x64) AppleWebKit/537.36 (KHTML, like Gecko) Chrome/60.0.3112.113 Safari/537.36"
::1 - - [25/Sep/2017:16:20:20 -0600] "GET /us_opt1/js/messages.php?lang=en&db=&token=3e159296c6669f865cd2e9db912e207a&v=4.6.6 HTTP/1.1" 200 8533 "-" "Mozilla/5.0 (Windows NT 6.1; Win64; x64) AppleWebKit/537.36 (KHTML, like Gecko) Chrome/60.0.3112.113 Safari/537.36"
::1 - - [25/Sep/2017:16:20:21 -0600] "POST /us_opt1/navigation.php?ajax_request=1&token=3e159296c6669f865cd2e9db912e207a HTTP/1.1" 200 1995 "-" "Mozilla/5.0 (Windows NT 6.1; Win64; x64) AppleWebKit/537.36 (KHTML, like Gecko) Chrome/60.0.3112.113 Safari/537.36"
::1 - - [25/Sep/2017:16:20:21 -0600] "POST /us_opt1/version_check.php HTTP/1.1" 200 28 "-" "Mozilla/5.0 (Windows NT 6.1; Win64; x64) AppleWebKit/537.36 (KHTML, like Gecko) Chrome/60.0.3112.113 Safari/537.36"
::1 - - [25/Sep/2017:16:20:21 -0600] "POST /us_opt1/db_structure.php?ajax_request=1&favorite_table=1&sync_favorite_tables=1&token=3e159296c6669f865cd2e9db912e207a HTTP/1.1" 200 143 "-" "Mozilla/5.0 (Windows NT 6.1; Win64; x64) AppleWebKit/537.36 (KHTML, like Gecko) Chrome/60.0.3112.113 Safari/537.36"
::1 - - [25/Sep/2017:16:20:23 -0600] "GET /us_opt1/server_databases.php?server=1&token=3e159296c6669f865cd2e9db912e207a&ajax_request=true&ajax_page_request=true&_nocache=150637802376854906 HTTP/1.1" 200 5523 "-" "Mozilla/5.0 (Windows NT 6.1; Win64; x64) AppleWebKit/537.36 (KHTML, like Gecko) Chrome/60.0.3112.113 Safari/537.36"
::1 - - [25/Sep/2017:16:20:24 -0600] "GET /us_opt1/js/get_scripts.js.php?scripts%5B%5D=server_databases.js&call_done=1&v=4.6.6 HTTP/1.1" 200 1657 "-" "Mozilla/5.0 (Windows NT 6.1; Win64; x64) AppleWebKit/537.36 (KHTML, like Gecko) Chrome/60.0.3112.113 Safari/537.36"
::1 - - [25/Sep/2017:16:20:34 -0600] "POST /us_opt1/server_databases.php HTTP/1.1" 200 1772 "-" "Mozilla/5.0 (Windows NT 6.1; Win64; x64) AppleWebKit/537.36 (KHTML, like Gecko) Chrome/60.0.3112.113 Safari/537.36"
::1 - - [25/Sep/2017:16:20:34 -0600] "POST /us_opt1/navigation.php?ajax_request=1&token=3e159296c6669f865cd2e9db912e207a HTTP/1.1" 200 2034 "-" "Mozilla/5.0 (Windows NT 6.1; Win64; x64) AppleWebKit/537.36 (KHTML, like Gecko) Chrome/60.0.3112.113 Safari/537.36"
::1 - - [25/Sep/2017:16:20:34 -0600] "GET /us_opt1/db_structure.php?db=wordpress&token=3e159296c6669f865cd2e9db912e207a&db=wordpress&ajax_request=true&ajax_page_request=true&_nocache=1506378034949239528 HTTP/1.1" 200 2735 "-" "Mozilla/5.0 (Windows NT 6.1; Win64; x64) AppleWebKit/537.36 (KHTML, like Gecko) Chrome/60.0.3112.113 Safari/537.36"
::1 - - [25/Sep/2017:16:20:35 -0600] "GET /us_opt1/navigation.php?ajax_request=1&token=3e159296c6669f865cd2e9db912e207a&aPath=cm9vdA%3D%3D.d29yZHByZXNz&vPath=cm9vdA%3D%3D.d29yZHByZXNz&pos=0&pos2_name=&pos2_value=&searchClause=&searchClause2=&_nocache=1506378035284769868 HTTP/1.1" 200 1384 "-" "Mozilla/5.0 (Windows NT 6.1; Win64; x64) AppleWebKit/537.36 (KHTML, like Gecko) Chrome/60.0.3112.113 Safari/537.36"
::1 - - [25/Sep/2017:16:20:35 -0600] "GET /us_opt1/js/get_scripts.js.php?scripts%5B%5D=db_structure.js&scripts%5B%5D=tbl_change.js&call_done=1&v=4.6.6 HTTP/1.1" 200 10691 "-" "Mozilla/5.0 (Windows NT 6.1; Win64; x64) AppleWebKit/537.36 (KHTML, like Gecko) Chrome/60.0.3112.113 Safari/537.36"
::1 - - [25/Sep/2017:16:20:39 -0600] "GET /us_opt1/index.php?token=3e159296c6669f865cd2e9db912e207a&ajax_request=true&ajax_page_request=true&_nocache=1506378039098261004 HTTP/1.1" 200 5724 "-" "Mozilla/5.0 (Windows NT 6.1; Win64; x64) AppleWebKit/537.36 (KHTML, like Gecko) Chrome/60.0.3112.113 Safari/537.36"
::1 - - [25/Sep/2017:16:20:39 -0600] "POST /us_opt1/db_structure.php?ajax_request=1&favorite_table=1&sync_favorite_tables=1&token=3e159296c6669f865cd2e9db912e207a HTTP/1.1" 200 143 "-" "Mozilla/5.0 (Windows NT 6.1; Win64; x64) AppleWebKit/537.36 (KHTML, like Gecko) Chrome/60.0.3112.113 Safari/537.36"
::1 - - [25/Sep/2017:16:20:39 -0600] "POST /us_opt1/version_check.php HTTP/1.1" 200 28 "-" "Mozilla/5.0 (Windows NT 6.1; Win64; x64) AppleWebKit/537.36 (KHTML, like Gecko) Chrome/60.0.3112.113 Safari/537.36"
::1 - - [25/Sep/2017:16:20:40 -0600] "GET /us_opt1/server_privileges.php?db=&token=3e159296c6669f865cd2e9db912e207a&viewing_mode=server&ajax_request=true&ajax_page_request=true&_nocache=1506378040146440872 HTTP/1.1" 200 2681 "-" "Mozilla/5.0 (Windows NT 6.1; Win64; x64) AppleWebKit/537.36 (KHTML, like Gecko) Chrome/60.0.3112.113 Safari/537.36"
::1 - - [25/Sep/2017:16:20:40 -0600] "GET /us_opt1/js/get_scripts.js.php?scripts%5B%5D=server_privileges.js&call_done=1&v=4.6.6 HTTP/1.1" 200 3792 "-" "Mozilla/5.0 (Windows NT 6.1; Win64; x64) AppleWebKit/537.36 (KHTML, like Gecko) Chrome/60.0.3112.113 Safari/537.36"
::1 - - [25/Sep/2017:16:20:42 -0600] "GET /us_opt1/server_privileges.php?adduser=1&token=3e159296c6669f865cd2e9db912e207a&ajax_request=true&ajax_page_request=true&_nocache=1506378042147956910 HTTP/1.1" 200 4775 "-" "Mozilla/5.0 (Windows NT 6.1; Win64; x64) AppleWebKit/537.36 (KHTML, like Gecko) Chrome/60.0.3112.113 Safari/537.36"
::1 - - [25/Sep/2017:16:20:46 -0600] "GET /us_opt1/server_privileges.php?ajax_request=true&token=3e159296c6669f865cd2e9db912e207a&server=1&validate_username=true&username=wordpress&_nocache=1506378046908994559 HTTP/1.1" 200 1430 "-" "Mozilla/5.0 (Windows NT 6.1; Win64; x64) AppleWebKit/537.36 (KHTML, like Gecko) Chrome/60.0.3112.113 Safari/537.36"
::1 - - [25/Sep/2017:16:21:00 -0600] "POST /us_opt1/server_privileges.php HTTP/1.1" 200 6164 "-" "Mozilla/5.0 (Windows NT 6.1; Win64; x64) AppleWebKit/537.36 (KHTML, like Gecko) Chrome/60.0.3112.113 Safari/537.36"
::1 - - [25/Sep/2017:16:21:06 -0600] "GET /us_opt1/server_privileges.php?db=&token=3e159296c6669f865cd2e9db912e207a&viewing_mode=server&ajax_request=true&ajax_page_request=true&_nocache=1506378066505785911 HTTP/1.1" 200 2736 "-" "Mozilla/5.0 (Windows NT 6.1; Win64; x64) AppleWebKit/537.36 (KHTML, like Gecko) Chrome/60.0.3112.113 Safari/537.36"
::1 - - [25/Sep/2017:16:21:08 -0600] "GET /us_opt1/server_privileges.php?username=wordpress&hostname=%25&dbname=&tablename=&routinename=&token=3e159296c6669f865cd2e9db912e207a&ajax_request=true&ajax_page_request=true&_nocache=1506378068838325312 HTTP/1.1" 200 5707 "-" "Mozilla/5.0 (Windows NT 6.1; Win64; x64) AppleWebKit/537.36 (KHTML, like Gecko) Chrome/60.0.3112.113 Safari/537.36"
::1 - - [25/Sep/2017:16:21:14 -0600] "POST /us_opt1/server_privileges.php HTTP/1.1" 200 3114 "-" "Mozilla/5.0 (Windows NT 6.1; Win64; x64) AppleWebKit/537.36 (KHTML, like Gecko) Chrome/60.0.3112.113 Safari/537.36"
::1 - - [25/Sep/2017:16:21:19 -0600] "POST /us_opt1/server_privileges.php HTTP/1.1" 200 3475 "-" "Mozilla/5.0 (Windows NT 6.1; Win64; x64) AppleWebKit/537.36 (KHTML, like Gecko) Chrome/60.0.3112.113 Safari/537.36"
::1 - - [25/Sep/2017:16:21:23 -0600] "GET /us_opt1/index.php?token=3e159296c6669f865cd2e9db912e207a&ajax_request=true&ajax_page_request=true&_nocache=1506378083861648778 HTTP/1.1" 200 5724 "-" "Mozilla/5.0 (Windows NT 6.1; Win64; x64) AppleWebKit/537.36 (KHTML, like Gecko) Chrome/60.0.3112.113 Safari/537.36"
::1 - - [25/Sep/2017:16:21:24 -0600] "POST /us_opt1/version_check.php HTTP/1.1" 200 28 "-" "Mozilla/5.0 (Windows NT 6.1; Win64; x64) AppleWebKit/537.36 (KHTML, like Gecko) Chrome/60.0.3112.113 Safari/537.36"
::1 - - [25/Sep/2017:16:21:24 -0600] "POST /us_opt1/db_structure.php?ajax_request=1&favorite_table=1&sync_favorite_tables=1&token=3e159296c6669f865cd2e9db912e207a HTTP/1.1" 200 143 "-" "Mozilla/5.0 (Windows NT 6.1; Win64; x64) AppleWebKit/537.36 (KHTML, like Gecko) Chrome/60.0.3112.113 Safari/537.36"
::1 - - [25/Sep/2017:16:21:42 -0600] "GET /wordpress/wp-admin/install.php HTTP/1.1" 302 - "-" "Mozilla/5.0 (Windows NT 6.1; Win64; x64) AppleWebKit/537.36 (KHTML, like Gecko) Chrome/60.0.3112.113 Safari/537.36"
::1 - - [25/Sep/2017:16:21:42 -0600] "GET /wordpress/wp-admin/setup-config.php HTTP/1.1" 200 3664 "-" "Mozilla/5.0 (Windows NT 6.1; Win64; x64) AppleWebKit/537.36 (KHTML, like Gecko) Chrome/60.0.3112.113 Safari/537.36"
::1 - - [25/Sep/2017:16:21:46 -0600] "GET /wordpress/wp-includes/css/buttons.min.css?ver=4.7.5 HTTP/1.1" 200 1386 "http://localhost:8080/wordpress/wp-admin/setup-config.php" "Mozilla/5.0 (Windows NT 6.1; Win64; x64) AppleWebKit/537.36 (KHTML, like Gecko) Chrome/60.0.3112.113 Safari/537.36"
::1 - - [25/Sep/2017:16:21:46 -0600] "GET /wordpress/wp-includes/js/jquery/jquery-migrate.min.js?ver=1.4.1 HTTP/1.1" 200 4014 "http://localhost:8080/wordpress/wp-admin/setup-config.php" "Mozilla/5.0 (Windows NT 6.1; Win64; x64) AppleWebKit/537.36 (KHTML, like Gecko) Chrome/60.0.3112.113 Safari/537.36"
::1 - - [25/Sep/2017:16:21:46 -0600] "GET /wordpress/wp-admin/css/install.min.css?ver=4.7.5 HTTP/1.1" 200 1989 "http://localhost:8080/wordpress/wp-admin/setup-config.php" "Mozilla/5.0 (Windows NT 6.1; Win64; x64) AppleWebKit/537.36 (KHTML, like Gecko) Chrome/60.0.3112.113 Safari/537.36"
::1 - - [25/Sep/2017:16:21:46 -0600] "GET /wordpress/wp-includes/js/jquery/jquery.js?ver=1.12.4 HTTP/1.1" 200 33702 "http://localhost:8080/wordpress/wp-admin/setup-config.php" "Mozilla/5.0 (Windows NT 6.1; Win64; x64) AppleWebKit/537.36 (KHTML, like Gecko) Chrome/60.0.3112.113 Safari/537.36"
::1 - - [25/Sep/2017:16:21:46 -0600] "GET /wordpress/wp-admin/js/language-chooser.min.js?ver=4.7.5 HTTP/1.1" 200 240 "http://localhost:8080/wordpress/wp-admin/setup-config.php" "Mozilla/5.0 (Windows NT 6.1; Win64; x64) AppleWebKit/537.36 (KHTML, like Gecko) Chrome/60.0.3112.113 Safari/537.36"
::1 - - [25/Sep/2017:16:21:47 -0600] "GET /wordpress/wp-admin/images/wordpress-logo.svg?ver=20131107 HTTP/1.1" 200 818 "http://localhost:8080/wordpress/wp-admin/css/install.min.css?ver=4.7.5" "Mozilla/5.0 (Windows NT 6.1; Win64; x64) AppleWebKit/537.36 (KHTML, like Gecko) Chrome/60.0.3112.113 Safari/537.36"
::1 - - [25/Sep/2017:16:21:47 -0600] "GET /wordpress/wp-admin/images/spinner.gif HTTP/1.1" 200 4162 "http://localhost:8080/wordpress/wp-admin/css/install.min.css?ver=4.7.5" "Mozilla/5.0 (Windows NT 6.1; Win64; x64) AppleWebKit/537.36 (KHTML, like Gecko) Chrome/60.0.3112.113 Safari/537.36"
::1 - - [25/Sep/2017:16:21:48 -0600] "POST /wordpress/wp-admin/setup-config.php?step=0 HTTP/1.1" 200 1039 "http://localhost:8080/wordpress/wp-admin/setup-config.php" "Mozilla/5.0 (Windows NT 6.1; Win64; x64) AppleWebKit/537.36 (KHTML, like Gecko) Chrome/60.0.3112.113 Safari/537.36"
::1 - - [25/Sep/2017:16:21:51 -0600] "GET /wordpress/wp-admin/setup-config.php?step=1 HTTP/1.1" 200 1043 "http://localhost:8080/wordpress/wp-admin/setup-config.php?step=0" "Mozilla/5.0 (Windows NT 6.1; Win64; x64) AppleWebKit/537.36 (KHTML, like Gecko) Chrome/60.0.3112.113 Safari/537.36"
::1 - - [25/Sep/2017:16:22:00 -0600] "POST /wordpress/wp-admin/setup-config.php?step=2 HTTP/1.1" 200 678 "http://localhost:8080/wordpress/wp-admin/setup-config.php?step=1" "Mozilla/5.0 (Windows NT 6.1; Win64; x64) AppleWebKit/537.36 (KHTML, like Gecko) Chrome/60.0.3112.113 Safari/537.36"
::1 - - [25/Sep/2017:16:22:04 -0600] "GET /wordpress/wp-admin/install.php?language=en_US HTTP/1.1" 200 2156 "http://localhost:8080/wordpress/wp-admin/setup-config.php?step=2" "Mozilla/5.0 (Windows NT 6.1; Win64; x64) AppleWebKit/537.36 (KHTML, like Gecko) Chrome/60.0.3112.113 Safari/537.36"
::1 - - [25/Sep/2017:16:22:06 -0600] "GET /wordpress/wp-admin/js/password-strength-meter.min.js?ver=4.7.5 HTTP/1.1" 200 476 "http://localhost:8080/wordpress/wp-admin/install.php?language=en_US" "Mozilla/5.0 (Windows NT 6.1; Win64; x64) AppleWebKit/537.36 (KHTML, like Gecko) Chrome/60.0.3112.113 Safari/537.36"
::1 - - [25/Sep/2017:16:22:06 -0600] "GET /wordpress/wp-admin/js/user-profile.min.js?ver=4.7.5 HTTP/1.1" 200 2233 "http://localhost:8080/wordpress/wp-admin/install.php?language=en_US" "Mozilla/5.0 (Windows NT 6.1; Win64; x64) AppleWebKit/537.36 (KHTML, like Gecko) Chrome/60.0.3112.113 Safari/537.36"
::1 - - [25/Sep/2017:16:22:06 -0600] "GET /wordpress/wp-includes/js/wp-util.min.js?ver=4.7.5 HTTP/1.1" 200 575 "http://localhost:8080/wordpress/wp-admin/install.php?language=en_US" "Mozilla/5.0 (Windows NT 6.1; Win64; x64) AppleWebKit/537.36 (KHTML, like Gecko) Chrome/60.0.3112.113 Safari/537.36"
::1 - - [25/Sep/2017:16:22:06 -0600] "GET /wordpress/wp-includes/css/dashicons.min.css?ver=4.7.5 HTTP/1.1" 200 28565 "http://localhost:8080/wordpress/wp-admin/install.php?language=en_US" "Mozilla/5.0 (Windows NT 6.1; Win64; x64) AppleWebKit/537.36 (KHTML, like Gecko) Chrome/60.0.3112.113 Safari/537.36"
::1 - - [25/Sep/2017:16:22:06 -0600] "GET /wordpress/wp-includes/js/underscore.min.js?ver=1.8.3 HTTP/1.1" 200 5809 "http://localhost:8080/wordpress/wp-admin/install.php?language=en_US" "Mozilla/5.0 (Windows NT 6.1; Win64; x64) AppleWebKit/537.36 (KHTML, like Gecko) Chrome/60.0.3112.113 Safari/537.36"
::1 - - [25/Sep/2017:16:22:06 -0600] "GET /wordpress/wp-includes/js/zxcvbn-async.min.js?ver=1.0 HTTP/1.1" 200 232 "http://localhost:8080/wordpress/wp-admin/install.php?language=en_US" "Mozilla/5.0 (Windows NT 6.1; Win64; x64) AppleWebKit/537.36 (KHTML, like Gecko) Chrome/60.0.3112.113 Safari/537.36"
::1 - - [25/Sep/2017:16:22:06 -0600] "GET /wordpress/wp-includes/js/zxcvbn.min.js HTTP/1.1" 200 329529 "http://localhost:8080/wordpress/wp-admin/install.php?language=en_US" "Mozilla/5.0 (Windows NT 6.1; Win64; x64) AppleWebKit/537.36 (KHTML, like Gecko) Chrome/60.0.3112.113 Safari/537.36"
::1 - - [25/Sep/2017:16:22:35 -0600] "GET /wordpress/2017/09/25/hello-world/ HTTP/1.1" 200 18548 "-" "WordPress/4.7.5; http://localhost:8080/wordpress"
::1 - - [25/Sep/2017:16:22:32 -0600] "POST /wordpress/wp-admin/install.php?step=2 HTTP/1.1" 200 1143 "http://localhost:8080/wordpress/wp-admin/install.php?language=en_US" "Mozilla/5.0 (Windows NT 6.1; Win64; x64) AppleWebKit/537.36 (KHTML, like Gecko) Chrome/60.0.3112.113 Safari/537.36"
::1 - - [25/Sep/2017:16:22:45 -0600] "GET /wordpress/wp-login.php HTTP/1.1" 200 1056 "http://localhost:8080/wordpress/wp-admin/install.php?step=2" "Mozilla/5.0 (Windows NT 6.1; Win64; x64) AppleWebKit/537.36 (KHTML, like Gecko) Chrome/60.0.3112.113 Safari/537.36"
::1 - - [25/Sep/2017:16:22:46 -0600] "GET /wordpress/wp-admin/load-styles.php?c=0&dir=ltr&load%5B%5D=dashicons,buttons,forms,l10n,login&ver=4.7.5 HTTP/1.1" 200 35786 "http://localhost:8080/wordpress/wp-login.php" "Mozilla/5.0 (Windows NT 6.1; Win64; x64) AppleWebKit/537.36 (KHTML, like Gecko) Chrome/60.0.3112.113 Safari/537.36"
::1 - - [25/Sep/2017:16:22:46 -0600] "POST /wordpress/wp-cron.php?doing_wp_cron=1506378166.9554998874664306640625 HTTP/1.1" 200 - "-" "WordPress/4.7.5; http://localhost:8080/wordpress"
::1 - - [25/Sep/2017:16:22:55 -0600] "POST /wordpress/wp-login.php HTTP/1.1" 302 - "http://localhost:8080/wordpress/wp-login.php" "Mozilla/5.0 (Windows NT 6.1; Win64; x64) AppleWebKit/537.36 (KHTML, like Gecko) Chrome/60.0.3112.113 Safari/537.36"
::1 - - [25/Sep/2017:16:22:57 -0600] "GET /wordpress/wp-admin/ HTTP/1.1" 200 13340 "http://localhost:8080/wordpress/wp-login.php" "Mozilla/5.0 (Windows NT 6.1; Win64; x64) AppleWebKit/537.36 (KHTML, like Gecko) Chrome/60.0.3112.113 Safari/537.36"
::1 - - [25/Sep/2017:16:22:59 -0600] "GET /wordpress/wp-includes/js/thickbox/thickbox.css?ver=4.7.5 HTTP/1.1" 200 932 "http://localhost:8080/wordpress/wp-admin/" "Mozilla/5.0 (Windows NT 6.1; Win64; x64) AppleWebKit/537.36 (KHTML, like Gecko) Chrome/60.0.3112.113 Safari/537.36"
::1 - - [25/Sep/2017:16:22:59 -0600] "GET /wordpress/wp-includes/css/editor.min.css?ver=4.7.5 HTTP/1.1" 200 5820 "http://localhost:8080/wordpress/wp-admin/" "Mozilla/5.0 (Windows NT 6.1; Win64; x64) AppleWebKit/537.36 (KHTML, like Gecko) Chrome/60.0.3112.113 Safari/537.36"
::1 - - [25/Sep/2017:16:22:59 -0600] "GET /wordpress/wp-admin/load-scripts.php?c=0&load%5B%5D=jquery-core,jquery-migrate,utils&ver=4.7.5 HTTP/1.1" 200 37751 "http://localhost:8080/wordpress/wp-admin/" "Mozilla/5.0 (Windows NT 6.1; Win64; x64) AppleWebKit/537.36 (KHTML, like Gecko) Chrome/60.0.3112.113 Safari/537.36"
::1 - - [25/Sep/2017:16:22:59 -0600] "GET /wordpress/wp-admin/load-styles.php?c=0&dir=ltr&load%5B%5D=dashicons,admin-bar,common,forms,admin-menu,dashboard,list-tables,edit,revisions,media,themes,about,nav-menus,widgets,site-icon,&load%5B%5D=l10n,buttons,wp-auth-check&ver=4.7.5 HTTP/1.1" 200 80137 "http://localhost:8080/wordpress/wp-admin/" "Mozilla/5.0 (Windows NT 6.1; Win64; x64) AppleWebKit/537.36 (KHTML, like Gecko) Chrome/60.0.3112.113 Safari/537.36"
::1 - - [25/Sep/2017:16:22:59 -0600] "GET /wordpress/wp-admin/load-scripts.php?c=0&load%5B%5D=hoverIntent,common,admin-bar,wp-ajax-response,jquery-color,wp-lists,quicktags,jquery-query,admin-comments,jquery-ui-core,jquery-&load%5B%5D=ui-widget,jquery-ui-mouse,jquery-ui-sortable,postbox,dashboard,underscore,customize-base,customize-loader,thickbox,plugin-instal&load%5B%5D=l,wp-util,wp-a11y,updates,shortcode,media-upload,svg-painter,heartbeat,wp-auth-check,wplink,jquery-ui-position,jquery-ui-menu,jq&load%5B%5D=uery-ui-autocomplete&ver=4.7.5 HTTP/1.1" 200 71655 "http://localhost:8080/wordpress/wp-admin/" "Mozilla/5.0 (Windows NT 6.1; Win64; x64) AppleWebKit/537.36 (KHTML, like Gecko) Chrome/60.0.3112.113 Safari/537.36"
::1 - - [25/Sep/2017:16:22:59 -0600] "GET /wordpress/wp-includes/js/wp-emoji-release.min.js?ver=4.7.5 HTTP/1.1" 200 4204 "http://localhost:8080/wordpress/wp-admin/" "Mozilla/5.0 (Windows NT 6.1; Win64; x64) AppleWebKit/537.36 (KHTML, like Gecko) Chrome/60.0.3112.113 Safari/537.36"
::1 - - [25/Sep/2017:16:23:00 -0600] "GET /wordpress/wp-includes/js/thickbox/loadingAnimation.gif HTTP/1.1" 200 15238 "http://localhost:8080/wordpress/wp-admin/" "Mozilla/5.0 (Windows NT 6.1; Win64; x64) AppleWebKit/537.36 (KHTML, like Gecko) Chrome/60.0.3112.113 Safari/537.36"
::1 - - [25/Sep/2017:16:23:00 -0600] "GET /wordpress/wp-admin/admin-ajax.php?action=wp-compression-test&test=1&_ajax_nonce=fd7d3d3582&1506378180119 HTTP/1.1" 200 574 "http://localhost:8080/wordpress/wp-admin/" "Mozilla/5.0 (Windows NT 6.1; Win64; x64) AppleWebKit/537.36 (KHTML, like Gecko) Chrome/60.0.3112.113 Safari/537.36"
::1 - - [25/Sep/2017:16:23:00 -0600] "GET /wordpress/wp-admin/admin-ajax.php?action=dashboard-widgets&widget=dashboard_primary&pagenow=dashboard HTTP/1.1" 200 124 "http://localhost:8080/wordpress/wp-admin/" "Mozilla/5.0 (Windows NT 6.1; Win64; x64) AppleWebKit/537.36 (KHTML, like Gecko) Chrome/60.0.3112.113 Safari/537.36"
::1 - - [25/Sep/2017:16:23:01 -0600] "POST /wordpress/wp-cron.php?doing_wp_cron=1506378181.3724999427795410156250 HTTP/1.1" 200 - "-" "WordPress/4.7.5; http://localhost:8080/wordpress"
::1 - - [25/Sep/2017:16:23:01 -0600] "GET /wordpress/wp-admin/admin-ajax.php?action=wp-compression-test&test=no&_ajax_nonce=fd7d3d3582&1506378181590 HTTP/1.1" 200 1 "http://localhost:8080/wordpress/wp-admin/" "Mozilla/5.0 (Windows NT 6.1; Win64; x64) AppleWebKit/537.36 (KHTML, like Gecko) Chrome/60.0.3112.113 Safari/537.36"
::1 - - [25/Sep/2017:16:23:04 -0600] "GET /wordpress/wp-admin/update-core.php HTTP/1.1" 200 8188 "http://localhost:8080/wordpress/wp-admin/" "Mozilla/5.0 (Windows NT 6.1; Win64; x64) AppleWebKit/537.36 (KHTML, like Gecko) Chrome/60.0.3112.113 Safari/537.36"
::1 - - [25/Sep/2017:16:23:06 -0600] "GET /wordpress/wp-admin/load-scripts.php?c=0&load%5B%5D=hoverIntent,common,admin-bar,jquery-ui-core,thickbox,plugin-install,underscore,wp-util,wp-a11y,updates,svg-painter&ver=4.7.5 HTTP/1.1" 200 27785 "http://localhost:8080/wordpress/wp-admin/update-core.php" "Mozilla/5.0 (Windows NT 6.1; Win64; x64) AppleWebKit/537.36 (KHTML, like Gecko) Chrome/60.0.3112.113 Safari/537.36"
::1 - - [25/Sep/2017:16:23:06 -0600] "GET /wordpress/wp-admin/load-styles.php?c=0&dir=ltr&load%5B%5D=dashicons,admin-bar,common,forms,admin-menu,dashboard,list-tables,edit,revisions,media,themes,about,nav-menus,widgets,site-icon,&load%5B%5D=l10n,buttons&ver=4.7.5 HTTP/1.1" 200 79653 "http://localhost:8080/wordpress/wp-admin/update-core.php" "Mozilla/5.0 (Windows NT 6.1; Win64; x64) AppleWebKit/537.36 (KHTML, like Gecko) Chrome/60.0.3112.113 Safari/537.36"
::1 - - [25/Sep/2017:16:23:06 -0600] "GET /wordpress/wp-content/themes/twentyfifteen/screenshot.png HTTP/1.1" 200 576231 "http://localhost:8080/wordpress/wp-admin/update-core.php" "Mozilla/5.0 (Windows NT 6.1; Win64; x64) AppleWebKit/537.36 (KHTML, like Gecko) Chrome/60.0.3112.113 Safari/537.36"
::1 - - [25/Sep/2017:16:23:06 -0600] "GET /wordpress/wp-content/themes/twentyseventeen/screenshot.png HTTP/1.1" 200 363833 "http://localhost:8080/wordpress/wp-admin/update-core.php" "Mozilla/5.0 (Windows NT 6.1; Win64; x64) AppleWebKit/537.36 (KHTML, like Gecko) Chrome/60.0.3112.113 Safari/537.36"
::1 - - [25/Sep/2017:16:23:10 -0600] "POST /wordpress/wp-admin/update-core.php?action=do-core-upgrade HTTP/1.1" 200 6991 "http://localhost:8080/wordpress/wp-admin/update-core.php" "Mozilla/5.0 (Windows NT 6.1; Win64; x64) AppleWebKit/537.36 (KHTML, like Gecko) Chrome/60.0.3112.113 Safari/537.36"
::1 - - [25/Sep/2017:16:23:28 -0600] "GET /wordpress/wp-admin/update-core.php HTTP/1.1" 200 8187 "http://localhost:8080/wordpress/wp-admin/update-core.php?action=do-core-upgrade" "Mozilla/5.0 (Windows NT 6.1; Win64; x64) AppleWebKit/537.36 (KHTML, like Gecko) Chrome/60.0.3112.113 Safari/537.36"
::1 - - [25/Sep/2017:16:23:30 -0600] "GET /wordpress/wp-admin/index.php HTTP/1.1" 200 12932 "http://localhost:8080/wordpress/wp-admin/update-core.php" "Mozilla/5.0 (Windows NT 6.1; Win64; x64) AppleWebKit/537.36 (KHTML, like Gecko) Chrome/60.0.3112.113 Safari/537.36"
::1 - - [25/Sep/2017:16:23:49 -0600] "GET /wordpress/wp-admin/update-core.php HTTP/1.1" 200 8188 "http://localhost:8080/wordpress/wp-admin/index.php" "Mozilla/5.0 (Windows NT 6.1; Win64; x64) AppleWebKit/537.36 (KHTML, like Gecko) Chrome/60.0.3112.113 Safari/537.36"
::1 - - [25/Sep/2017:16:24:04 -0600] "GET /wordpress/wp-admin/update-core.php?force-check=1 HTTP/1.1" 200 8201 "http://localhost:8080/wordpress/wp-admin/update-core.php" "Mozilla/5.0 (Windows NT 6.1; Win64; x64) AppleWebKit/537.36 (KHTML, like Gecko) Chrome/60.0.3112.113 Safari/537.36"
::1 - - [25/Sep/2017:16:24:08 -0600] "POST /wordpress/wp-admin/update-core.php?action=do-core-upgrade HTTP/1.1" 200 6992 "http://localhost:8080/wordpress/wp-admin/update-core.php?force-check=1" "Mozilla/5.0 (Windows NT 6.1; Win64; x64) AppleWebKit/537.36 (KHTML, like Gecko) Chrome/60.0.3112.113 Safari/537.36"
::1 - - [25/Sep/2017:16:27:51 -0600] "GET /wordpress/wp-admin/index.php HTTP/1.1" 200 12934 "http://localhost:8080/wordpress/wp-admin/update-core.php?action=do-core-upgrade" "Mozilla/5.0 (Windows NT 6.1; Win64; x64) AppleWebKit/537.36 (KHTML, like Gecko) Chrome/60.0.3112.113 Safari/537.36"
::1 - - [25/Sep/2017:16:27:53 -0600] "GET /wordpress/wp-admin/update-core.php HTTP/1.1" 200 8188 "http://localhost:8080/wordpress/wp-admin/update-core.php?action=do-core-upgrade" "Mozilla/5.0 (Windows NT 6.1; Win64; x64) AppleWebKit/537.36 (KHTML, like Gecko) Chrome/60.0.3112.113 Safari/537.36"
::1 - - [25/Sep/2017:16:27:48 -0600] "GET /wordpress/wp-admin/update-core.php HTTP/1.1" 200 8188 "http://localhost:8080/wordpress/wp-admin/update-core.php?action=do-core-upgrade" "Mozilla/5.0 (Windows NT 6.1; Win64; x64) AppleWebKit/537.36 (KHTML, like Gecko) Chrome/60.0.3112.113 Safari/537.36"
::1 - - [25/Sep/2017:16:27:59 -0600] "POST /wordpress/wp-admin/update-core.php?action=do-core-upgrade HTTP/1.1" 200 6992 "http://localhost:8080/wordpress/wp-admin/update-core.php" "Mozilla/5.0 (Windows NT 6.1; Win64; x64) AppleWebKit/537.36 (KHTML, like Gecko) Chrome/60.0.3112.113 Safari/537.36"
::1 - - [25/Sep/2017:16:28:19 -0600] "GET /wordpress/wp-admin/options-general.php HTTP/1.1" 200 15537 "http://localhost:8080/wordpress/wp-admin/update-core.php?action=do-core-upgrade" "Mozilla/5.0 (Windows NT 6.1; Win64; x64) AppleWebKit/537.36 (KHTML, like Gecko) Chrome/60.0.3112.113 Safari/537.36"
::1 - - [25/Sep/2017:16:28:20 -0600] "GET /wordpress/wp-admin/load-scripts.php?c=0&load%5B%5D=hoverIntent,common,admin-bar,svg-painter,heartbeat,wp-auth-check&ver=4.7.5 HTTP/1.1" 200 10944 "http://localhost:8080/wordpress/wp-admin/options-general.php" "Mozilla/5.0 (Windows NT 6.1; Win64; x64) AppleWebKit/537.36 (KHTML, like Gecko) Chrome/60.0.3112.113 Safari/537.36"
::1 - - [25/Sep/2017:16:28:22 -0600] "GET /wordpress/wp-admin/tools.php HTTP/1.1" 200 8046 "http://localhost:8080/wordpress/wp-admin/options-general.php" "Mozilla/5.0 (Windows NT 6.1; Win64; x64) AppleWebKit/537.36 (KHTML, like Gecko) Chrome/60.0.3112.113 Safari/537.36"
::1 - - [25/Sep/2017:16:29:24 -0600] "POST /wordpress/wp-admin/admin-ajax.php HTTP/1.1" 200 47 "http://localhost:8080/wordpress/wp-admin/tools.php" "Mozilla/5.0 (Windows NT 6.1; Win64; x64) AppleWebKit/537.36 (KHTML, like Gecko) Chrome/60.0.3112.113 Safari/537.36"
::1 - - [25/Sep/2017:16:30:19 -0600] "GET /wordpress/wp-admin/index.php HTTP/1.1" 200 12934 "http://localhost:8080/wordpress/wp-admin/tools.php" "Mozilla/5.0 (Windows NT 6.1; Win64; x64) AppleWebKit/537.36 (KHTML, like Gecko) Chrome/60.0.3112.113 Safari/537.36"
::1 - - [25/Sep/2017:16:30:23 -0600] "GET /wordpress/wp-admin/update-core.php HTTP/1.1" 200 8188 "http://localhost:8080/wordpress/wp-admin/index.php" "Mozilla/5.0 (Windows NT 6.1; Win64; x64) AppleWebKit/537.36 (KHTML, like Gecko) Chrome/60.0.3112.113 Safari/537.36"
::1 - - [25/Sep/2017:16:30:27 -0600] "POST /wordpress/wp-admin/update-core.php?action=do-core-upgrade HTTP/1.1" 200 6991 "http://localhost:8080/wordpress/wp-admin/update-core.php" "Mozilla/5.0 (Windows NT 6.1; Win64; x64) AppleWebKit/537.36 (KHTML, like Gecko) Chrome/60.0.3112.113 Safari/537.36"
::1 - - [25/Sep/2017:16:31:20 -0600] "GET /wordpress/wp-admin/profile.php HTTP/1.1" 200 8820 "http://localhost:8080/wordpress/wp-admin/update-core.php?action=do-core-upgrade" "Mozilla/5.0 (Windows NT 6.1; Win64; x64) AppleWebKit/537.36 (KHTML, like Gecko) Chrome/60.0.3112.113 Safari/537.36"
::1 - - [25/Sep/2017:16:31:21 -0600] "GET /wordpress/wp-login.php?action=logout&_wpnonce=a2114cf90a HTTP/1.1" 302 - "http://localhost:8080/wordpress/wp-admin/update-core.php?action=do-core-upgrade" "Mozilla/5.0 (Windows NT 6.1; Win64; x64) AppleWebKit/537.36 (KHTML, like Gecko) Chrome/60.0.3112.113 Safari/537.36"
::1 - - [25/Sep/2017:16:31:22 -0600] "GET /wordpress/wp-login.php?loggedout=true HTTP/1.1" 200 1193 "http://localhost:8080/wordpress/wp-admin/update-core.php?action=do-core-upgrade" "Mozilla/5.0 (Windows NT 6.1; Win64; x64) AppleWebKit/537.36 (KHTML, like Gecko) Chrome/60.0.3112.113 Safari/537.36"
::1 - - [25/Sep/2017:16:31:38 -0600] "GET /wordpress/wp-login.php?loggedout=true HTTP/1.1" 200 1193 "http://localhost:8080/wordpress/wp-admin/update-core.php?action=do-core-upgrade" "Mozilla/5.0 (Windows NT 6.1; Win64; x64) AppleWebKit/537.36 (KHTML, like Gecko) Chrome/60.0.3112.113 Safari/537.36"
::1 - - [25/Sep/2017:16:31:39 -0600] "GET /favicon.ico HTTP/1.1" 200 584 "http://localhost:8080/wordpress/wp-login.php?loggedout=true" "Mozilla/5.0 (Windows NT 6.1; Win64; x64) AppleWebKit/537.36 (KHTML, like Gecko) Chrome/60.0.3112.113 Safari/537.36"
::1 - - [25/Sep/2017:16:31:47 -0600] "POST /wordpress/wp-login.php HTTP/1.1" 302 - "http://localhost:8080/wordpress/wp-login.php?loggedout=true" "Mozilla/5.0 (Windows NT 6.1; Win64; x64) AppleWebKit/537.36 (KHTML, like Gecko) Chrome/60.0.3112.113 Safari/537.36"
::1 - - [25/Sep/2017:16:31:48 -0600] "GET /wordpress/wp-admin/ HTTP/1.1" 200 12930 "http://localhost:8080/wordpress/wp-login.php?loggedout=true" "Mozilla/5.0 (Windows NT 6.1; Win64; x64) AppleWebKit/537.36 (KHTML, like Gecko) Chrome/60.0.3112.113 Safari/537.36"
::1 - - [25/Sep/2017:16:31:52 -0600] "GET /wordpress/wp-admin/update-core.php HTTP/1.1" 200 8190 "http://localhost:8080/wordpress/wp-admin/" "Mozilla/5.0 (Windows NT 6.1; Win64; x64) AppleWebKit/537.36 (KHTML, like Gecko) Chrome/60.0.3112.113 Safari/537.36"
::1 - - [25/Sep/2017:16:31:58 -0600] "POST /wordpress/wp-admin/update-core.php?action=do-core-upgrade HTTP/1.1" 200 6995 "http://localhost:8080/wordpress/wp-admin/update-core.php" "Mozilla/5.0 (Windows NT 6.1; Win64; x64) AppleWebKit/537.36 (KHTML, like Gecko) Chrome/60.0.3112.113 Safari/537.36"
::1 - - [25/Sep/2017:16:33:05 -0600] "GET /us_extra/phpinfo.php HTTP/1.1" 200 24644 "-" "Mozilla/5.0 (Windows NT 6.1; Win64; x64) AppleWebKit/537.36 (KHTML, like Gecko) Chrome/60.0.3112.113 Safari/537.36"
::1 - - [25/Sep/2017:16:33:10 -0600] "GET /us_extra/phpinfo.php?display=Extensions HTTP/1.1" 200 7483 "http://localhost:8080/us_extra/phpinfo.php" "Mozilla/5.0 (Windows NT 6.1; Win64; x64) AppleWebKit/537.36 (KHTML, like Gecko) Chrome/60.0.3112.113 Safari/537.36"
::1 - - [25/Sep/2017:16:34:03 -0600] "GET /us_extra/phpinfo.php HTTP/1.1" 200 24919 "-" "Mozilla/5.0 (Windows NT 6.1; Win64; x64) AppleWebKit/537.36 (KHTML, like Gecko) Chrome/60.0.3112.113 Safari/537.36"
::1 - - [25/Sep/2017:16:34:06 -0600] "GET /us_extra/phpinfo.php?display=Extensions HTTP/1.1" 200 7682 "http://localhost:8080/us_extra/phpinfo.php" "Mozilla/5.0 (Windows NT 6.1; Win64; x64) AppleWebKit/537.36 (KHTML, like Gecko) Chrome/60.0.3112.113 Safari/537.36"
::1 - - [25/Sep/2017:16:34:16 -0600] "GET /wordpress/wp-admin/update-core.php HTTP/1.1" 200 8190 "http://localhost:8080/wordpress/wp-admin/update-core.php?action=do-core-upgrade" "Mozilla/5.0 (Windows NT 6.1; Win64; x64) AppleWebKit/537.36 (KHTML, like Gecko) Chrome/60.0.3112.113 Safari/537.36"
::1 - - [25/Sep/2017:16:35:06 -0600] "POST /wordpress/wp-admin/upgrade.php?step=upgrade_db HTTP/1.1" 200 1 "http://localhost:8080/wordpress/wp-admin/upgrade.php?step=upgrade_db" "WordPress/4.7.5; http://localhost:8080/wordpress"
::1 - - [25/Sep/2017:16:34:21 -0600] "POST /wordpress/wp-admin/update-core.php?action=do-core-upgrade HTTP/1.1" 200 7221 "http://localhost:8080/wordpress/wp-admin/update-core.php" "Mozilla/5.0 (Windows NT 6.1; Win64; x64) AppleWebKit/537.36 (KHTML, like Gecko) Chrome/60.0.3112.113 Safari/537.36"
::1 - - [25/Sep/2017:16:35:09 -0600] "GET /wordpress/wp-admin/about.php?updated HTTP/1.1" 200 9442 "http://localhost:8080/wordpress/wp-admin/update-core.php?action=do-core-upgrade" "Mozilla/5.0 (Windows NT 6.1; Win64; x64) AppleWebKit/537.36 (KHTML, like Gecko) Chrome/60.0.3112.113 Safari/537.36"
::1 - - [25/Sep/2017:16:35:10 -0600] "GET /wordpress/wp-includes/js/mediaelement/mediaelementplayer.min.css?ver=2.22.0 HTTP/1.1" 200 3179 "http://localhost:8080/wordpress/wp-admin/about.php?updated" "Mozilla/5.0 (Windows NT 6.1; Win64; x64) AppleWebKit/537.36 (KHTML, like Gecko) Chrome/60.0.3112.113 Safari/537.36"
::1 - - [25/Sep/2017:16:35:10 -0600] "GET /wordpress/wp-includes/js/mediaelement/wp-mediaelement.min.css?ver=4.8.2 HTTP/1.1" 200 1127 "http://localhost:8080/wordpress/wp-admin/about.php?updated" "Mozilla/5.0 (Windows NT 6.1; Win64; x64) AppleWebKit/537.36 (KHTML, like Gecko) Chrome/60.0.3112.113 Safari/537.36"
::1 - - [25/Sep/2017:16:35:10 -0600] "GET /wordpress/wp-admin/load-styles.php?c=0&dir=ltr&load%5B%5D=dashicons,admin-bar,common,forms,admin-menu,dashboard,list-tables,edit,revisions,media,themes,about,nav-menus,wp-pointer,widgets&load%5B%5D=,site-icon,l10n,buttons,wp-auth-check&ver=4.8.2 HTTP/1.1" 200 81841 "http://localhost:8080/wordpress/wp-admin/about.php?updated" "Mozilla/5.0 (Windows NT 6.1; Win64; x64) AppleWebKit/537.36 (KHTML, like Gecko) Chrome/60.0.3112.113 Safari/537.36"
::1 - - [25/Sep/2017:16:35:10 -0600] "GET /wordpress/wp-admin/load-scripts.php?c=0&load%5B%5D=jquery-core,jquery-migrate,utils&ver=4.8.2 HTTP/1.1" 200 37751 "http://localhost:8080/wordpress/wp-admin/about.php?updated" "Mozilla/5.0 (Windows NT 6.1; Win64; x64) AppleWebKit/537.36 (KHTML, like Gecko) Chrome/60.0.3112.113 Safari/537.36"
::1 - - [25/Sep/2017:16:35:10 -0600] "GET /wordpress/wp-admin/load-scripts.php?c=0&load%5B%5D=hoverIntent,common,admin-bar,mediaelement,wp-mediaelement,svg-painter,heartbeat,wp-auth-check&ver=4.8.2 HTTP/1.1" 200 33767 "http://localhost:8080/wordpress/wp-admin/about.php?updated" "Mozilla/5.0 (Windows NT 6.1; Win64; x64) AppleWebKit/537.36 (KHTML, like Gecko) Chrome/60.0.3112.113 Safari/537.36"
::1 - - [25/Sep/2017:16:35:11 -0600] "GET /wordpress/wp-includes/js/wp-emoji-release.min.js?ver=4.8.2 HTTP/1.1" 200 4299 "http://localhost:8080/wordpress/wp-admin/about.php?updated" "Mozilla/5.0 (Windows NT 6.1; Win64; x64) AppleWebKit/537.36 (KHTML, like Gecko) Chrome/60.0.3112.113 Safari/537.36"
::1 - - [25/Sep/2017:16:35:11 -0600] "GET /wordpress/wp-admin/images/w-logo-white.png?ver=20160308 HTTP/1.1" 200 5395 "http://localhost:8080/wordpress/wp-admin/load-styles.php?c=0&dir=ltr&load%5B%5D=dashicons,admin-bar,common,forms,admin-menu,dashboard,list-tables,edit,revisions,media,themes,about,nav-menus,wp-pointer,widgets&load%5B%5D=,site-icon,l10n,buttons,wp-auth-check&ver=4.8.2" "Mozilla/5.0 (Windows NT 6.1; Win64; x64) AppleWebKit/537.36 (KHTML, like Gecko) Chrome/60.0.3112.113 Safari/537.36"
::1 - - [25/Sep/2017:16:35:11 -0600] "GET /wordpress/wp-includes/js/mediaelement/controls.png HTTP/1.1" 200 1892 "http://localhost:8080/wordpress/wp-includes/js/mediaelement/mediaelementplayer.min.css?ver=2.22.0" "Mozilla/5.0 (Windows NT 6.1; Win64; x64) AppleWebKit/537.36 (KHTML, like Gecko) Chrome/60.0.3112.113 Safari/537.36"
::1 - - [25/Sep/2017:16:35:11 -0600] "GET /wordpress/wp-includes/js/mediaelement/bigplay.png HTTP/1.1" 200 3001 "http://localhost:8080/wordpress/wp-includes/js/mediaelement/mediaelementplayer.min.css?ver=2.22.0" "Mozilla/5.0 (Windows NT 6.1; Win64; x64) AppleWebKit/537.36 (KHTML, like Gecko) Chrome/60.0.3112.113 Safari/537.36"
::1 - - [25/Sep/2017:16:35:11 -0600] "GET /wordpress/wp-includes/js/mediaelement/bigplay.svg HTTP/1.1" 200 447 "http://localhost:8080/wordpress/wp-includes/js/mediaelement/mediaelementplayer.min.css?ver=2.22.0" "Mozilla/5.0 (Windows NT 6.1; Win64; x64) AppleWebKit/537.36 (KHTML, like Gecko) Chrome/60.0.3112.113 Safari/537.36"
::1 - - [25/Sep/2017:16:35:11 -0600] "GET /wordpress/wp-includes/js/mediaelement/controls.svg HTTP/1.1" 200 2203 "http://localhost:8080/wordpress/wp-includes/js/mediaelement/mediaelementplayer.min.css?ver=2.22.0" "Mozilla/5.0 (Windows NT 6.1; Win64; x64) AppleWebKit/537.36 (KHTML, like Gecko) Chrome/60.0.3112.113 Safari/537.36"
::1 - - [25/Sep/2017:16:35:11 -0600] "GET /wordpress/wp-admin/images/wordpress-logo-white.svg?ver=20160308 HTTP/1.1" 200 796 "http://localhost:8080/wordpress/wp-admin/load-styles.php?c=0&dir=ltr&load%5B%5D=dashicons,admin-bar,common,forms,admin-menu,dashboard,list-tables,edit,revisions,media,themes,about,nav-menus,wp-pointer,widgets&load%5B%5D=,site-icon,l10n,buttons,wp-auth-check&ver=4.8.2" "Mozilla/5.0 (Windows NT 6.1; Win64; x64) AppleWebKit/537.36 (KHTML, like Gecko) Chrome/60.0.3112.113 Safari/537.36"
::1 - - [25/Sep/2017:16:35:47 -0600] "GET /wordpress/wp-includes/js/mediaelement/loading.gif HTTP/1.1" 200 6224 "http://localhost:8080/wordpress/wp-includes/js/mediaelement/mediaelementplayer.min.css?ver=2.22.0" "Mozilla/5.0 (Windows NT 6.1; Win64; x64) AppleWebKit/537.36 (KHTML, like Gecko) Chrome/60.0.3112.113 Safari/537.36"
::1 - - [25/Sep/2017:16:35:55 -0600] "GET /wordpress/wp-admin/plugins.php HTTP/1.1" 200 10491 "http://localhost:8080/wordpress/wp-admin/about.php" "Mozilla/5.0 (Windows NT 6.1; Win64; x64) AppleWebKit/537.36 (KHTML, like Gecko) Chrome/60.0.3112.113 Safari/537.36"
::1 - - [25/Sep/2017:16:35:57 -0600] "GET /wordpress/wp-includes/js/thickbox/thickbox.css?ver=4.8.2 HTTP/1.1" 200 932 "http://localhost:8080/wordpress/wp-admin/plugins.php" "Mozilla/5.0 (Windows NT 6.1; Win64; x64) AppleWebKit/537.36 (KHTML, like Gecko) Chrome/60.0.3112.113 Safari/537.36"
::1 - - [25/Sep/2017:16:35:57 -0600] "GET /wordpress/wp-admin/load-scripts.php?c=0&load%5B%5D=hoverIntent,common,admin-bar,underscore,wp-util,wp-a11y,updates,jquery-ui-core,thickbox,plugin-install,svg-painter,heartbeat,wp-&load%5B%5D=auth-check&ver=4.8.2 HTTP/1.1" 200 30160 "http://localhost:8080/wordpress/wp-admin/plugins.php" "Mozilla/5.0 (Windows NT 6.1; Win64; x64) AppleWebKit/537.36 (KHTML, like Gecko) Chrome/60.0.3112.113 Safari/537.36"
::1 - - [25/Sep/2017:16:35:58 -0600] "GET /wordpress/wp-includes/js/wp-emoji-release.min.js?ver=4.8.2 HTTP/1.1" 200 4299 "http://localhost:8080/wordpress/wp-admin/plugins.php" "Mozilla/5.0 (Windows NT 6.1; Win64; x64) AppleWebKit/537.36 (KHTML, like Gecko) Chrome/60.0.3112.113 Safari/537.36"
::1 - - [25/Sep/2017:16:36:03 -0600] "GET /wordpress/wp-admin/plugins.php?plugin_status=upgrade HTTP/1.1" 200 10149 "http://localhost:8080/wordpress/wp-admin/plugins.php" "Mozilla/5.0 (Windows NT 6.1; Win64; x64) AppleWebKit/537.36 (KHTML, like Gecko) Chrome/60.0.3112.113 Safari/537.36"
::1 - - [25/Sep/2017:16:36:05 -0600] "GET /wordpress/wp-includes/js/wp-emoji-release.min.js?ver=4.8.2 HTTP/1.1" 200 4299 "http://localhost:8080/wordpress/wp-admin/plugins.php?plugin_status=upgrade" "Mozilla/5.0 (Windows NT 6.1; Win64; x64) AppleWebKit/537.36 (KHTML, like Gecko) Chrome/60.0.3112.113 Safari/537.36"
::1 - - [25/Sep/2017:16:36:12 -0600] "POST /wordpress/wp-admin/admin-ajax.php HTTP/1.1" 200 140 "http://localhost:8080/wordpress/wp-admin/plugins.php?plugin_status=upgrade" "Mozilla/5.0 (Windows NT 6.1; Win64; x64) AppleWebKit/537.36 (KHTML, like Gecko) Chrome/60.0.3112.113 Safari/537.36"
::1 - - [25/Sep/2017:16:36:18 -0600] "GET /wordpress/wp-admin/index.php HTTP/1.1" 200 14049 "http://localhost:8080/wordpress/wp-admin/plugins.php?plugin_status=upgrade" "Mozilla/5.0 (Windows NT 6.1; Win64; x64) AppleWebKit/537.36 (KHTML, like Gecko) Chrome/60.0.3112.113 Safari/537.36"
::1 - - [25/Sep/2017:16:36:20 -0600] "GET /wordpress/wp-includes/css/editor.min.css?ver=4.8.2 HTTP/1.1" 200 5821 "http://localhost:8080/wordpress/wp-admin/index.php" "Mozilla/5.0 (Windows NT 6.1; Win64; x64) AppleWebKit/537.36 (KHTML, like Gecko) Chrome/60.0.3112.113 Safari/537.36"
::1 - - [25/Sep/2017:16:36:20 -0600] "GET /wordpress/wp-admin/load-scripts.php?c=0&load%5B%5D=hoverIntent,common,admin-bar,wp-ajax-response,jquery-color,wp-lists,quicktags,jquery-query,admin-comments,jquery-ui-core,jquery-&load%5B%5D=ui-widget,jquery-ui-mouse,jquery-ui-sortable,postbox,underscore,wp-util,wp-a11y,dashboard,customize-base,customize-loader,thickb&load%5B%5D=ox,plugin-install,updates,shortcode,media-upload,svg-painter,heartbeat,wp-auth-check,wplink,jquery-ui-position,jquery-ui-menu,jq&load%5B%5D=uery-ui-autocomplete&ver=4.8.2 HTTP/1.1" 200 72994 "http://localhost:8080/wordpress/wp-admin/index.php" "Mozilla/5.0 (Windows NT 6.1; Win64; x64) AppleWebKit/537.36 (KHTML, like Gecko) Chrome/60.0.3112.113 Safari/537.36"
::1 - - [25/Sep/2017:16:36:21 -0600] "GET /wordpress/wp-includes/js/wp-emoji-release.min.js?ver=4.8.2 HTTP/1.1" 200 4299 "http://localhost:8080/wordpress/wp-admin/index.php" "Mozilla/5.0 (Windows NT 6.1; Win64; x64) AppleWebKit/537.36 (KHTML, like Gecko) Chrome/60.0.3112.113 Safari/537.36"
::1 - - [25/Sep/2017:16:36:21 -0600] "POST /wordpress/wp-admin/admin-ajax.php HTTP/1.1" 200 60 "http://localhost:8080/wordpress/wp-admin/index.php" "Mozilla/5.0 (Windows NT 6.1; Win64; x64) AppleWebKit/537.36 (KHTML, like Gecko) Chrome/60.0.3112.113 Safari/537.36"
::1 - - [25/Sep/2017:16:36:21 -0600] "GET /wordpress/wp-admin/admin-ajax.php?action=dashboard-widgets&widget=dashboard_primary&pagenow=dashboard HTTP/1.1" 200 410 "http://localhost:8080/wordpress/wp-admin/index.php" "Mozilla/5.0 (Windows NT 6.1; Win64; x64) AppleWebKit/537.36 (KHTML, like Gecko) Chrome/60.0.3112.113 Safari/537.36"
::1 - - [25/Sep/2017:16:36:24 -0600] "GET /wordpress/wp-admin/update-core.php HTTP/1.1" 200 7789 "http://localhost:8080/wordpress/wp-admin/index.php" "Mozilla/5.0 (Windows NT 6.1; Win64; x64) AppleWebKit/537.36 (KHTML, like Gecko) Chrome/60.0.3112.113 Safari/537.36"
::1 - - [25/Sep/2017:16:36:25 -0600] "GET /wordpress/wp-admin/load-styles.php?c=0&dir=ltr&load%5B%5D=dashicons,admin-bar,common,forms,admin-menu,dashboard,list-tables,edit,revisions,media,themes,about,nav-menus,wp-pointer,widgets&load%5B%5D=,site-icon,l10n,buttons&ver=4.8.2 HTTP/1.1" 200 81373 "http://localhost:8080/wordpress/wp-admin/update-core.php" "Mozilla/5.0 (Windows NT 6.1; Win64; x64) AppleWebKit/537.36 (KHTML, like Gecko) Chrome/60.0.3112.113 Safari/537.36"
::1 - - [25/Sep/2017:16:36:25 -0600] "GET /wordpress/wp-admin/load-scripts.php?c=0&load%5B%5D=hoverIntent,common,admin-bar,jquery-ui-core,thickbox,plugin-install,underscore,wp-util,wp-a11y,updates,svg-painter&ver=4.8.2 HTTP/1.1" 200 27926 "http://localhost:8080/wordpress/wp-admin/update-core.php" "Mozilla/5.0 (Windows NT 6.1; Win64; x64) AppleWebKit/537.36 (KHTML, like Gecko) Chrome/60.0.3112.113 Safari/537.36"
::1 - - [25/Sep/2017:16:36:29 -0600] "POST /wordpress/wp-admin/update-core.php?action=do-theme-upgrade HTTP/1.1" 200 7030 "http://localhost:8080/wordpress/wp-admin/update-core.php" "Mozilla/5.0 (Windows NT 6.1; Win64; x64) AppleWebKit/537.36 (KHTML, like Gecko) Chrome/60.0.3112.113 Safari/537.36"
::1 - - [25/Sep/2017:16:36:30 -0600] "GET /wordpress/wp-includes/js/wp-emoji-release.min.js?ver=4.8.2 HTTP/1.1" 200 4299 "http://localhost:8080/wordpress/wp-admin/update-core.php?action=do-theme-upgrade" "Mozilla/5.0 (Windows NT 6.1; Win64; x64) AppleWebKit/537.36 (KHTML, like Gecko) Chrome/60.0.3112.113 Safari/537.36"
::1 - - [25/Sep/2017:16:36:32 -0600] "GET /wordpress/wp-admin/load-styles.php?c=0&dir=ltr&load%5B%5D=dashicons,common,forms,admin-menu,dashboard,list-tables,edit,revisions,media,themes,about,nav-menus,wp-pointer,widgets,site-icon&load%5B%5D=,l10n,buttons&ver=4.8.2 HTTP/1.1" 200 78294 "http://localhost:8080/wordpress/wp-admin/update.php?action=update-selected-themes&themes=twentyfifteen%2Ctwentyseventeen&_wpnonce=72116fa5f8" "Mozilla/5.0 (Windows NT 6.1; Win64; x64) AppleWebKit/537.36 (KHTML, like Gecko) Chrome/60.0.3112.113 Safari/537.36"
::1 - - [25/Sep/2017:16:36:30 -0600] "GET /wordpress/wp-admin/update.php?action=update-selected-themes&themes=twentyfifteen%2Ctwentyseventeen&_wpnonce=72116fa5f8 HTTP/1.1" 200 3942 "http://localhost:8080/wordpress/wp-admin/update-core.php?action=do-theme-upgrade" "Mozilla/5.0 (Windows NT 6.1; Win64; x64) AppleWebKit/537.36 (KHTML, like Gecko) Chrome/60.0.3112.113 Safari/537.36"
::1 - - [25/Sep/2017:16:36:36 -0600] "GET /wordpress/wp-admin/load-scripts.php?c=0&load%5B%5D=hoverIntent,common,underscore,wp-util,wp-a11y,updates&ver=4.8.2 HTTP/1.1" 200 18254 "http://localhost:8080/wordpress/wp-admin/update.php?action=update-selected-themes&themes=twentyfifteen%2Ctwentyseventeen&_wpnonce=72116fa5f8" "Mozilla/5.0 (Windows NT 6.1; Win64; x64) AppleWebKit/537.36 (KHTML, like Gecko) Chrome/60.0.3112.113 Safari/537.36"
::1 - - [25/Sep/2017:16:36:38 -0600] "GET /wordpress/wp-admin/update-core.php HTTP/1.1" 200 7178 "http://localhost:8080/wordpress/wp-admin/update.php?action=update-selected-themes&themes=twentyfifteen%2Ctwentyseventeen&_wpnonce=72116fa5f8" "Mozilla/5.0 (Windows NT 6.1; Win64; x64) AppleWebKit/537.36 (KHTML, like Gecko) Chrome/60.0.3112.113 Safari/537.36"
::1 - - [25/Sep/2017:16:36:40 -0600] "GET /wordpress/wp-includes/js/wp-emoji-release.min.js?ver=4.8.2 HTTP/1.1" 200 4299 "http://localhost:8080/wordpress/wp-admin/update-core.php" "Mozilla/5.0 (Windows NT 6.1; Win64; x64) AppleWebKit/537.36 (KHTML, like Gecko) Chrome/60.0.3112.113 Safari/537.36"
::1 - - [25/Sep/2017:16:36:52 -0600] "GET /wordpress/wp-admin/index.php HTTP/1.1" 200 14277 "http://localhost:8080/wordpress/wp-admin/update-core.php" "Mozilla/5.0 (Windows NT 6.1; Win64; x64) AppleWebKit/537.36 (KHTML, like Gecko) Chrome/60.0.3112.113 Safari/537.36"
::1 - - [25/Sep/2017:16:36:53 -0600] "GET /wordpress/wp-includes/css/editor.min.css?ver=4.8.2 HTTP/1.1" 200 5821 "http://localhost:8080/wordpress/wp-admin/index.php" "Mozilla/5.0 (Windows NT 6.1; Win64; x64) AppleWebKit/537.36 (KHTML, like Gecko) Chrome/60.0.3112.113 Safari/537.36"
::1 - - [25/Sep/2017:16:36:54 -0600] "GET /wordpress/wp-includes/js/wp-emoji-release.min.js?ver=4.8.2 HTTP/1.1" 200 4299 "http://localhost:8080/wordpress/wp-admin/index.php" "Mozilla/5.0 (Windows NT 6.1; Win64; x64) AppleWebKit/537.36 (KHTML, like Gecko) Chrome/60.0.3112.113 Safari/537.36"
::1 - - [25/Sep/2017:16:37:21 -0600] "GET /wordpress/ HTTP/1.1" 200 18955 "http://localhost:8080/wordpress/wp-admin/index.php" "Mozilla/5.0 (Windows NT 6.1; Win64; x64) AppleWebKit/537.36 (KHTML, like Gecko) Chrome/60.0.3112.113 Safari/537.36"
::1 - - [25/Sep/2017:16:37:21 -0600] "GET /wordpress/ HTTP/1.1" 200 18956 "http://localhost:8080/wordpress/wp-admin/index.php" "Mozilla/5.0 (Windows NT 6.1; Win64; x64) AppleWebKit/537.36 (KHTML, like Gecko) Chrome/60.0.3112.113 Safari/537.36"
::1 - - [25/Sep/2017:16:37:23 -0600] "GET /wordpress/wp-includes/css/dashicons.min.css?ver=4.8.2 HTTP/1.1" 200 28565 "http://localhost:8080/wordpress/" "Mozilla/5.0 (Windows NT 6.1; Win64; x64) AppleWebKit/537.36 (KHTML, like Gecko) Chrome/60.0.3112.113 Safari/537.36"
::1 - - [25/Sep/2017:16:37:23 -0600] "GET /wordpress/wp-includes/css/admin-bar.min.css?ver=4.8.2 HTTP/1.1" 200 3839 "http://localhost:8080/wordpress/" "Mozilla/5.0 (Windows NT 6.1; Win64; x64) AppleWebKit/537.36 (KHTML, like Gecko) Chrome/60.0.3112.113 Safari/537.36"
::1 - - [25/Sep/2017:16:37:23 -0600] "GET /wordpress/wp-content/themes/twentyseventeen/style.css?ver=4.8.2 HTTP/1.1" 200 15414 "http://localhost:8080/wordpress/" "Mozilla/5.0 (Windows NT 6.1; Win64; x64) AppleWebKit/537.36 (KHTML, like Gecko) Chrome/60.0.3112.113 Safari/537.36"
::1 - - [25/Sep/2017:16:37:23 -0600] "GET /wordpress/wp-includes/js/admin-bar.min.js?ver=4.8.2 HTTP/1.1" 200 2469 "http://localhost:8080/wordpress/" "Mozilla/5.0 (Windows NT 6.1; Win64; x64) AppleWebKit/537.36 (KHTML, like Gecko) Chrome/60.0.3112.113 Safari/537.36"
::1 - - [25/Sep/2017:16:37:23 -0600] "GET /wordpress/wp-content/themes/twentyseventeen/assets/js/skip-link-focus-fix.js?ver=1.0 HTTP/1.1" 200 416 "http://localhost:8080/wordpress/" "Mozilla/5.0 (Windows NT 6.1; Win64; x64) AppleWebKit/537.36 (KHTML, like Gecko) Chrome/60.0.3112.113 Safari/537.36"
::1 - - [25/Sep/2017:16:37:23 -0600] "GET /wordpress/wp-content/themes/twentyseventeen/assets/js/global.js?ver=1.0 HTTP/1.1" 200 2604 "http://localhost:8080/wordpress/" "Mozilla/5.0 (Windows NT 6.1; Win64; x64) AppleWebKit/537.36 (KHTML, like Gecko) Chrome/60.0.3112.113 Safari/537.36"
::1 - - [25/Sep/2017:16:37:23 -0600] "GET /wordpress/wp-content/themes/twentyseventeen/assets/js/jquery.scrollTo.js?ver=2.1.2 HTTP/1.1" 200 2409 "http://localhost:8080/wordpress/" "Mozilla/5.0 (Windows NT 6.1; Win64; x64) AppleWebKit/537.36 (KHTML, like Gecko) Chrome/60.0.3112.113 Safari/537.36"
::1 - - [25/Sep/2017:16:37:23 -0600] "GET /wordpress/wp-includes/js/wp-embed.min.js?ver=4.8.2 HTTP/1.1" 200 751 "http://localhost:8080/wordpress/" "Mozilla/5.0 (Windows NT 6.1; Win64; x64) AppleWebKit/537.36 (KHTML, like Gecko) Chrome/60.0.3112.113 Safari/537.36"
::1 - - [25/Sep/2017:16:37:23 -0600] "GET /wordpress/wp-content/themes/twentyseventeen/assets/images/header.jpg HTTP/1.1" 200 114854 "http://localhost:8080/wordpress/" "Mozilla/5.0 (Windows NT 6.1; Win64; x64) AppleWebKit/537.36 (KHTML, like Gecko) Chrome/60.0.3112.113 Safari/537.36"
::1 - - [25/Sep/2017:16:37:23 -0600] "GET /wordpress/wp-includes/js/wp-emoji-release.min.js?ver=4.8.2 HTTP/1.1" 200 4299 "http://localhost:8080/wordpress/" "Mozilla/5.0 (Windows NT 6.1; Win64; x64) AppleWebKit/537.36 (KHTML, like Gecko) Chrome/60.0.3112.113 Safari/537.36"
::1 - - [25/Sep/2017:16:37:25 -0600] "GET /wordpress/wp-admin/profile.php HTTP/1.1" 200 8726 "http://localhost:8080/wordpress/" "Mozilla/5.0 (Windows NT 6.1; Win64; x64) AppleWebKit/537.36 (KHTML, like Gecko) Chrome/60.0.3112.113 Safari/537.36"
::1 - - [25/Sep/2017:16:37:25 -0600] "GET /wordpress/wp-login.php?action=logout&_wpnonce=f53933d910 HTTP/1.1" 302 - "http://localhost:8080/wordpress/" "Mozilla/5.0 (Windows NT 6.1; Win64; x64) AppleWebKit/537.36 (KHTML, like Gecko) Chrome/60.0.3112.113 Safari/537.36"
::1 - - [25/Sep/2017:16:37:26 -0600] "GET /wordpress/wp-login.php?loggedout=true HTTP/1.1" 200 1282 "http://localhost:8080/wordpress/" "Mozilla/5.0 (Windows NT 6.1; Win64; x64) AppleWebKit/537.36 (KHTML, like Gecko) Chrome/60.0.3112.113 Safari/537.36"
::1 - - [25/Sep/2017:16:37:28 -0600] "GET /wordpress/wp-admin/load-styles.php?c=0&dir=ltr&load%5B%5D=dashicons,buttons,forms,l10n,login&ver=4.8.2 HTTP/1.1" 200 35921 "http://localhost:8080/wordpress/wp-login.php?loggedout=true" "Mozilla/5.0 (Windows NT 6.1; Win64; x64) AppleWebKit/537.36 (KHTML, like Gecko) Chrome/60.0.3112.113 Safari/537.36"
::1 - - [25/Sep/2017:16:37:48 -0600] "GET /wordpress/wp-login.php HTTP/1.1" 200 1145 "-" "Mozilla/5.0 (Windows NT 6.1; Win64; x64) AppleWebKit/537.36 (KHTML, like Gecko) Chrome/60.0.3112.113 Safari/537.36"
::1 - - [25/Sep/2017:16:41:01 -0600] "POST /wordpress/wp-login.php HTTP/1.1" 200 1507 "http://localhost:8080/wordpress/wp-login.php" "Mozilla/5.0 (Windows NT 6.1; Win64; x64) AppleWebKit/537.36 (KHTML, like Gecko) Chrome/60.0.3112.113 Safari/537.36"
::1 - - [25/Sep/2017:16:41:12 -0600] "POST /wordpress/wp-login.php HTTP/1.1" 302 - "http://localhost:8080/wordpress/wp-login.php" "Mozilla/5.0 (Windows NT 6.1; Win64; x64) AppleWebKit/537.36 (KHTML, like Gecko) Chrome/60.0.3112.113 Safari/537.36"
::1 - - [25/Sep/2017:16:41:13 -0600] "GET /wordpress/wp-admin/ HTTP/1.1" 200 14267 "http://localhost:8080/wordpress/wp-login.php" "Mozilla/5.0 (Windows NT 6.1; Win64; x64) AppleWebKit/537.36 (KHTML, like Gecko) Chrome/60.0.3112.113 Safari/537.36"
::1 - - [25/Sep/2017:16:41:14 -0600] "GET /wordpress/wp-includes/css/editor.min.css?ver=4.8.2 HTTP/1.1" 200 5821 "http://localhost:8080/wordpress/wp-admin/" "Mozilla/5.0 (Windows NT 6.1; Win64; x64) AppleWebKit/537.36 (KHTML, like Gecko) Chrome/60.0.3112.113 Safari/537.36"
::1 - - [25/Sep/2017:16:41:14 -0600] "GET /wordpress/wp-includes/js/wp-emoji-release.min.js?ver=4.8.2 HTTP/1.1" 200 4299 "http://localhost:8080/wordpress/wp-admin/" "Mozilla/5.0 (Windows NT 6.1; Win64; x64) AppleWebKit/537.36 (KHTML, like Gecko) Chrome/60.0.3112.113 Safari/537.36"
::1 - - [25/Sep/2017:16:42:15 -0600] "POST /wordpress/wp-admin/admin-ajax.php HTTP/1.1" 200 47 "http://localhost:8080/wordpress/wp-admin/" "Mozilla/5.0 (Windows NT 6.1; Win64; x64) AppleWebKit/537.36 (KHTML, like Gecko) Chrome/60.0.3112.113 Safari/537.36"
::1 - - [25/Sep/2017:16:43:11 -0600] "GET /wordpress/wp-admin/profile.php HTTP/1.1" 200 8720 "http://localhost:8080/wordpress/wp-admin/" "Mozilla/5.0 (Windows NT 6.1; Win64; x64) AppleWebKit/537.36 (KHTML, like Gecko) Chrome/60.0.3112.113 Safari/537.36"
::1 - - [25/Sep/2017:16:43:12 -0600] "GET /wordpress/wp-login.php?action=logout&_wpnonce=de8ab99c6f HTTP/1.1" 302 - "http://localhost:8080/wordpress/wp-admin/" "Mozilla/5.0 (Windows NT 6.1; Win64; x64) AppleWebKit/537.36 (KHTML, like Gecko) Chrome/60.0.3112.113 Safari/537.36"
::1 - - [25/Sep/2017:16:43:13 -0600] "GET /wordpress/wp-login.php?loggedout=true HTTP/1.1" 200 1282 "http://localhost:8080/wordpress/wp-admin/" "Mozilla/5.0 (Windows NT 6.1; Win64; x64) AppleWebKit/537.36 (KHTML, like Gecko) Chrome/60.0.3112.113 Safari/537.36"
::1 - - [25/Sep/2017:16:43:41 -0600] "GET /wordpress/wp-login.php?loggedout=true HTTP/1.1" 200 1282 "http://localhost:8080/wordpress/wp-admin/" "Mozilla/5.0 (Windows NT 6.1; Win64; x64) AppleWebKit/537.36 (KHTML, like Gecko) Chrome/60.0.3112.113 Safari/537.36"
::1 - - [25/Sep/2017:16:43:43 -0600] "GET /favicon.ico HTTP/1.1" 200 584 "http://localhost:8080/wordpress/wp-login.php?loggedout=true" "Mozilla/5.0 (Windows NT 6.1; Win64; x64) AppleWebKit/537.36 (KHTML, like Gecko) Chrome/60.0.3112.113 Safari/537.36"
