[Mon Sep 25 16:19:14.699500 2017] [mpm_winnt:notice] [pid 12096:tid 240] AH00455: Apache/2.4.25 (Win32) PHP/7.1.1 configured -- resuming normal operations
[Mon Sep 25 16:19:14.699500 2017] [mpm_winnt:notice] [pid 12096:tid 240] AH00456: Apache Lounge VC14 Server built: Dec 17 2016 10:42:52
[Mon Sep 25 16:19:14.699500 2017] [core:notice] [pid 12096:tid 240] AH00094: Command line: 'C:\\Users\\sombach\\Desktop\\UniServZ_WordPress\\UniServerZ\\core\\apache2\\bin\\httpd_z.exe -d C:/Users/sombach/Desktop/UniServZ_WordPress/UniServerZ/core/apache2 -f C:\\Users\\sombach\\Desktop\\UniServZ_WordPress\\UniServerZ\\core\\apache2\\conf\\httpd.conf -d C:\\Users\\sombach\\Desktop\\UniServZ_WordPress\\UniServerZ\\core\\apache2'
[Mon Sep 25 16:19:14.701500 2017] [mpm_winnt:notice] [pid 12096:tid 240] AH00418: Parent: Created child process 11180
[Mon Sep 25 16:19:15.122500 2017] [mpm_winnt:notice] [pid 11180:tid 264] AH00354: Child: Starting 150 worker threads.
[Mon Sep 25 16:19:30.549500 2017] [core:warn] [pid 5380:tid 156] AH00098: pid file C:/Users/sombach/Desktop/UniServZ_WordPress/UniServerZ/core/apache2/logs/httpd.pid overwritten -- Unclean shutdown of previous Apache run?
[Mon Sep 25 16:19:30.564500 2017] [mpm_winnt:notice] [pid 5380:tid 156] AH00455: Apache/2.4.25 (Win32) PHP/7.1.1 configured -- resuming normal operations
[Mon Sep 25 16:19:30.564500 2017] [mpm_winnt:notice] [pid 5380:tid 156] AH00456: Apache Lounge VC14 Server built: Dec 17 2016 10:42:52
[Mon Sep 25 16:19:30.564500 2017] [core:notice] [pid 5380:tid 156] AH00094: Command line: 'C:\\Users\\sombach\\Desktop\\UniServZ_WordPress\\UniServerZ\\core\\apache2\\bin\\httpd_z.exe -d C:/Users/sombach/Desktop/UniServZ_WordPress/UniServerZ/core/apache2 -f C:\\Users\\sombach\\Desktop\\UniServZ_WordPress\\UniServerZ\\core\\apache2\\conf\\httpd.conf -d C:\\Users\\sombach\\Desktop\\UniServZ_WordPress\\UniServerZ\\core\\apache2'
[Mon Sep 25 16:19:30.566500 2017] [mpm_winnt:notice] [pid 5380:tid 156] AH00418: Parent: Created child process 11656
[Mon Sep 25 16:19:30.973500 2017] [mpm_winnt:notice] [pid 11656:tid 264] AH00354: Child: Starting 150 worker threads.
[Mon Sep 25 16:22:01.307500 2017] [php7:notice] [pid 11656:tid 1472] [client ::1:49508] WordPress database error Unknown column 'wp_' in 'field list' for query SELECT wp_, referer: http://localhost:8080/wordpress/wp-admin/setup-config.php?step=1
C:/Users/sombach/Desktop/UniServZ_WordPress/UniServerZ/core/msmtp/msmtp.exe: cannot get initial OK message from server
C:/Users/sombach/Desktop/UniServZ_WordPress/UniServerZ/core/msmtp/msmtp.exe: server message: 554 cm6gb1 smtp.talktalk.net ESMTP server not available
C:/Users/sombach/Desktop/UniServZ_WordPress/UniServerZ/core/msmtp/msmtp.exe: could not send mail (account default from C:/Users/sombach/Desktop/UniServZ_WordPress/UniServerZ/core/msmtp/msmtprc.ini)
[Mon Sep 25 16:31:34.520500 2017] [core:warn] [pid 8976:tid 156] AH00098: pid file C:/Users/sombach/Desktop/UniServZ_WordPress/UniServerZ/core/apache2/logs/httpd.pid overwritten -- Unclean shutdown of previous Apache run?
[Mon Sep 25 16:31:34.537500 2017] [mpm_winnt:notice] [pid 8976:tid 156] AH00455: Apache/2.4.25 (Win32) PHP/7.1.1 configured -- resuming normal operations
[Mon Sep 25 16:31:34.537500 2017] [mpm_winnt:notice] [pid 8976:tid 156] AH00456: Apache Lounge VC14 Server built: Dec 17 2016 10:42:52
[Mon Sep 25 16:31:34.537500 2017] [core:notice] [pid 8976:tid 156] AH00094: Command line: 'C:\\Users\\sombach\\Desktop\\UniServZ_WordPress\\UniServerZ\\core\\apache2\\bin\\httpd_z.exe -d C:/Users/sombach/Desktop/UniServZ_WordPress/UniServerZ/core/apache2 -f C:\\Users\\sombach\\Desktop\\UniServZ_WordPress\\UniServerZ\\core\\apache2\\conf\\httpd.conf -d C:\\Users\\sombach\\Desktop\\UniServZ_WordPress\\UniServerZ\\core\\apache2'
[Mon Sep 25 16:31:34.538500 2017] [mpm_winnt:notice] [pid 8976:tid 156] AH00418: Parent: Created child process 7912
[Mon Sep 25 16:31:34.982500 2017] [mpm_winnt:notice] [pid 7912:tid 264] AH00354: Child: Starting 150 worker threads.
[Mon Sep 25 16:33:58.413500 2017] [core:warn] [pid 5380:tid 156] AH00098: pid file C:/Users/sombach/Desktop/UniServZ_WordPress/UniServerZ/core/apache2/logs/httpd.pid overwritten -- Unclean shutdown of previous Apache run?
[Mon Sep 25 16:33:58.538500 2017] [mpm_winnt:notice] [pid 5380:tid 156] AH00455: Apache/2.4.25 (Win32) PHP/7.1.1 configured -- resuming normal operations
[Mon Sep 25 16:33:58.538500 2017] [mpm_winnt:notice] [pid 5380:tid 156] AH00456: Apache Lounge VC14 Server built: Dec 17 2016 10:42:52
[Mon Sep 25 16:33:58.539500 2017] [core:notice] [pid 5380:tid 156] AH00094: Command line: 'C:\\Users\\sombach\\Desktop\\UniServZ_WordPress\\UniServerZ\\core\\apache2\\bin\\httpd_z.exe -d C:/Users/sombach/Desktop/UniServZ_WordPress/UniServerZ/core/apache2 -f C:\\Users\\sombach\\Desktop\\UniServZ_WordPress\\UniServerZ\\core\\apache2\\conf\\httpd.conf -d C:\\Users\\sombach\\Desktop\\UniServZ_WordPress\\UniServerZ\\core\\apache2'
[Mon Sep 25 16:33:58.540500 2017] [mpm_winnt:notice] [pid 5380:tid 156] AH00418: Parent: Created child process 9112
[Mon Sep 25 16:33:58.929500 2017] [mpm_winnt:notice] [pid 9112:tid 272] AH00354: Child: Starting 150 worker threads.
[Wed Nov 08 19:15:10.992848 2017] [core:warn] [pid 2912:tid 220] AH00098: pid file C:/Users/Adil/SafetyNorth/UniServerZ/core/apache2/logs/httpd.pid overwritten -- Unclean shutdown of previous Apache run?
[Wed Nov 08 19:15:11.086853 2017] [mpm_winnt:notice] [pid 2912:tid 220] AH00455: Apache/2.4.25 (Win32) PHP/7.1.1 configured -- resuming normal operations
[Wed Nov 08 19:15:11.086853 2017] [mpm_winnt:notice] [pid 2912:tid 220] AH00456: Apache Lounge VC14 Server built: Dec 17 2016 10:42:52
[Wed Nov 08 19:15:11.086853 2017] [core:notice] [pid 2912:tid 220] AH00094: Command line: 'C:\\Users\\Adil\\SafetyNorth\\UniServerZ\\core\\apache2\\bin\\httpd_z.exe -d C:/Users/Adil/SafetyNorth/UniServerZ/core/apache2 -f C:\\Users\\Adil\\SafetyNorth\\UniServerZ\\core\\apache2\\conf\\httpd.conf -d C:\\Users\\Adil\\SafetyNorth\\UniServerZ\\core\\apache2'
[Wed Nov 08 19:15:11.090853 2017] [mpm_winnt:notice] [pid 2912:tid 220] AH00418: Parent: Created child process 3704
[Wed Nov 08 19:15:12.535936 2017] [mpm_winnt:notice] [pid 3704:tid 296] AH00354: Child: Starting 150 worker threads.
[Sat Nov 11 00:31:48.286615 2017] [core:warn] [pid 6080:tid 220] AH00098: pid file C:/Users/Adil/SafetyNorth/UniServerZ/core/apache2/logs/httpd.pid overwritten -- Unclean shutdown of previous Apache run?
[Sat Nov 11 00:31:49.790701 2017] [mpm_winnt:notice] [pid 6080:tid 220] AH00455: Apache/2.4.25 (Win32) PHP/7.1.1 configured -- resuming normal operations
[Sat Nov 11 00:31:49.791701 2017] [mpm_winnt:notice] [pid 6080:tid 220] AH00456: Apache Lounge VC14 Server built: Dec 17 2016 10:42:52
[Sat Nov 11 00:31:49.791701 2017] [core:notice] [pid 6080:tid 220] AH00094: Command line: 'C:\\Users\\Adil\\SafetyNorth\\UniServerZ\\core\\apache2\\bin\\httpd_z.exe -d C:/Users/Adil/SafetyNorth/UniServerZ/core/apache2 -f C:\\Users\\Adil\\SafetyNorth\\UniServerZ\\core\\apache2\\conf\\httpd.conf -d C:\\Users\\Adil\\SafetyNorth\\UniServerZ\\core\\apache2'
[Sat Nov 11 00:31:49.793701 2017] [mpm_winnt:notice] [pid 6080:tid 220] AH00418: Parent: Created child process 19700
[Sat Nov 11 00:31:50.687752 2017] [mpm_winnt:notice] [pid 19700:tid 296] AH00354: Child: Starting 150 worker threads.
[Sat Nov 11 00:33:18.159755 2017] [mpm_winnt:notice] [pid 6080:tid 220] AH00428: Parent: child process 19700 exited with status 3221225477 -- Restarting.
[Sat Nov 11 00:33:18.275762 2017] [mpm_winnt:notice] [pid 6080:tid 220] AH00455: Apache/2.4.25 (Win32) PHP/7.1.1 configured -- resuming normal operations
[Sat Nov 11 00:33:18.275762 2017] [mpm_winnt:notice] [pid 6080:tid 220] AH00456: Apache Lounge VC14 Server built: Dec 17 2016 10:42:52
[Sat Nov 11 00:33:18.275762 2017] [core:notice] [pid 6080:tid 220] AH00094: Command line: 'C:\\Users\\Adil\\SafetyNorth\\UniServerZ\\core\\apache2\\bin\\httpd_z.exe -d C:/Users/Adil/SafetyNorth/UniServerZ/core/apache2 -f C:\\Users\\Adil\\SafetyNorth\\UniServerZ\\core\\apache2\\conf\\httpd.conf -d C:\\Users\\Adil\\SafetyNorth\\UniServerZ\\core\\apache2'
[Sat Nov 11 00:33:18.277762 2017] [mpm_winnt:notice] [pid 6080:tid 220] AH00418: Parent: Created child process 19336
[Sat Nov 11 00:33:19.561835 2017] [mpm_winnt:notice] [pid 19336:tid 296] AH00354: Child: Starting 150 worker threads.
libpng warning: iCCP: known incorrect sRGB profile
[Sat Nov 11 00:42:17.163548 2017] [php7:notice] [pid 19336:tid 1468] [client ::1:51287] , referer: http://localhost:8080/wordpress/wp-admin/customize.php?url=http%3A%2F%2Flocalhost%3A8080%2Fwordpress%2F&changeset_uuid=fbde553d-043a-44d1-a6da-3b41dba39745
[Sat Nov 11 00:46:26.388720 2017] [php7:notice] [pid 19336:tid 1476] [client ::1:51456] , referer: http://localhost:8080/wordpress/wp-admin/customize.php?url=http%3A%2F%2Flocalhost%3A8080%2Fwordpress%2F&changeset_uuid=8f4123f9-87de-420b-8a0d-f04a3888c16f
[Sat Nov 11 00:48:18.446130 2017] [php7:notice] [pid 19336:tid 1476] [client ::1:51512] , referer: http://localhost:8080/wordpress/wp-admin/customize.php?url=http%3A%2F%2Flocalhost%3A8080%2Fwordpress%2F&changeset_uuid=41306ee0-2b8a-467e-84b8-436b7e6f31a6
[Sat Nov 11 00:52:27.546377 2017] [php7:notice] [pid 19336:tid 1476] [client ::1:51634] , referer: http://localhost:8080/wordpress/wp-admin/customize.php?url=http%3A%2F%2Flocalhost%3A8080%2Fwordpress%2F&changeset_uuid=57f57cae-55c4-4f61-8aac-97324dde5605
[Sat Nov 11 00:53:41.413602 2017] [php7:notice] [pid 19336:tid 1460] [client ::1:51668] 0a0100, referer: http://localhost:8080/wordpress/wp-admin/customize.php?url=http%3A%2F%2Flocalhost%3A8080%2Fwordpress%2F%3Fs%3D&changeset_uuid=d0b9f771-d686-4db9-8d68-bba2f41cc6e6
[Sat Nov 11 00:53:50.104099 2017] [php7:notice] [pid 19336:tid 1460] [client ::1:51671] , referer: http://localhost:8080/wordpress/wp-admin/customize.php?url=http%3A%2F%2Flocalhost%3A8080%2Fwordpress%2F%3Fs%3D&changeset_uuid=a7dbc048-0570-47ca-b002-11308f8fe668
[Sat Nov 11 00:55:34.125943 2017] [php7:notice] [pid 19336:tid 1500] [client ::1:51701] , referer: http://localhost:8080/wordpress/wp-admin/customize.php?url=http%3A%2F%2Flocalhost%3A8080%2Fwordpress%2F%3Fs%3D&changeset_uuid=66045dda-383e-48ee-b0e0-4024c70be646
[Sat Nov 11 00:59:44.543732 2017] [php7:notice] [pid 19336:tid 1484] [client ::1:51830] , referer: http://localhost:8080/wordpress/wp-admin/customize.php?url=http%3A%2F%2Flocalhost%3A8080%2Fwordpress%2F&changeset_uuid=0542d884-b28a-4356-9a22-c4def154c936
[Sat Nov 11 01:03:44.719380 2017] [php7:notice] [pid 19336:tid 1484] [client ::1:51971] , referer: http://localhost:8080/wordpress/wp-admin/customize.php?url=http%3A%2F%2Flocalhost%3A8080%2Fwordpress%2F&changeset_uuid=f6f0ef1f-0c19-4d36-bb58-3e544947e8f2
[Sat Nov 11 01:03:53.448879 2017] [php7:notice] [pid 19336:tid 1508] [client ::1:51983] , referer: http://localhost:8080/wordpress/wp-admin/customize.php?url=http%3A%2F%2Flocalhost%3A8080%2Fwordpress%2F&changeset_uuid=449504b4-5afe-4b0f-a454-be8cbd704881
[Sat Nov 11 01:04:43.831761 2017] [php7:notice] [pid 19336:tid 1508] [client ::1:52001] , referer: http://localhost:8080/wordpress/wp-admin/customize.php?url=http%3A%2F%2Flocalhost%3A8080%2Fwordpress%2F&changeset_uuid=35a0782a-0ba3-468f-bea3-54fa388edb46
[Sat Nov 11 01:06:17.273105 2017] [php7:notice] [pid 19336:tid 1508] [client ::1:52065] , referer: http://localhost:8080/wordpress/wp-admin/customize.php?url=http%3A%2F%2Flocalhost%3A8080%2Fwordpress%2F&changeset_uuid=ae34f88a-d11e-4e59-9a08-829b1a513e85
[Sat Nov 11 01:09:18.814235 2017] [php7:notice] [pid 19336:tid 1500] [client ::1:52133] , referer: http://localhost:8080/wordpress/wp-admin/customize.php?url=http%3A%2F%2Flocalhost%3A8080%2Fwordpress%2F&changeset_uuid=57d05144-c010-4088-a069-c7a3d11bd70a
[Wed Nov 15 14:09:42.123363 2017] [core:warn] [pid 5484:tid 220] AH00098: pid file C:/Users/Adil/SafetyNorth/UniServerZ/core/apache2/logs/httpd.pid overwritten -- Unclean shutdown of previous Apache run?
[Wed Nov 15 14:09:45.557560 2017] [mpm_winnt:notice] [pid 5484:tid 220] AH00455: Apache/2.4.25 (Win32) PHP/7.1.1 configured -- resuming normal operations
[Wed Nov 15 14:09:45.557560 2017] [mpm_winnt:notice] [pid 5484:tid 220] AH00456: Apache Lounge VC14 Server built: Dec 17 2016 10:42:52
[Wed Nov 15 14:09:45.557560 2017] [core:notice] [pid 5484:tid 220] AH00094: Command line: 'C:\\Users\\Adil\\SafetyNorth\\UniServerZ\\core\\apache2\\bin\\httpd_z.exe -d C:/Users/Adil/SafetyNorth/UniServerZ/core/apache2 -f C:\\Users\\Adil\\SafetyNorth\\UniServerZ\\core\\apache2\\conf\\httpd.conf -d C:\\Users\\Adil\\SafetyNorth\\UniServerZ\\core\\apache2'
[Wed Nov 15 14:09:45.563560 2017] [mpm_winnt:notice] [pid 5484:tid 220] AH00418: Parent: Created child process 4392
[Wed Nov 15 14:09:47.026644 2017] [mpm_winnt:notice] [pid 4392:tid 296] AH00354: Child: Starting 150 worker threads.
[Wed Nov 15 14:10:05.885723 2017] [core:warn] [pid 6920:tid 220] AH00098: pid file C:/Users/Adil/SafetyNorth/UniServerZ/core/apache2/logs/httpd.pid overwritten -- Unclean shutdown of previous Apache run?
[Wed Nov 15 14:10:05.957727 2017] [mpm_winnt:notice] [pid 6920:tid 220] AH00455: Apache/2.4.25 (Win32) PHP/7.1.1 configured -- resuming normal operations
[Wed Nov 15 14:10:05.958727 2017] [mpm_winnt:notice] [pid 6920:tid 220] AH00456: Apache Lounge VC14 Server built: Dec 17 2016 10:42:52
[Wed Nov 15 14:10:05.958727 2017] [core:notice] [pid 6920:tid 220] AH00094: Command line: 'C:\\Users\\Adil\\SafetyNorth\\UniServerZ\\core\\apache2\\bin\\httpd_z.exe -d C:/Users/Adil/SafetyNorth/UniServerZ/core/apache2 -f C:\\Users\\Adil\\SafetyNorth\\UniServerZ\\core\\apache2\\conf\\httpd.conf -d C:\\Users\\Adil\\SafetyNorth\\UniServerZ\\core\\apache2'
[Wed Nov 15 14:10:05.961727 2017] [mpm_winnt:notice] [pid 6920:tid 220] AH00418: Parent: Created child process 6932
[Wed Nov 15 14:10:07.474813 2017] [mpm_winnt:notice] [pid 6932:tid 296] AH00354: Child: Starting 150 worker threads.
[Wed Nov 15 15:26:29.707089 2017] [core:warn] [pid 8760:tid 220] AH00098: pid file C:/Users/Adil/SafetyNorth/UniServerZ/core/apache2/logs/httpd.pid overwritten -- Unclean shutdown of previous Apache run?
[Wed Nov 15 15:26:29.745092 2017] [mpm_winnt:notice] [pid 8760:tid 220] AH00455: Apache/2.4.25 (Win32) PHP/7.1.1 configured -- resuming normal operations
[Wed Nov 15 15:26:29.745092 2017] [mpm_winnt:notice] [pid 8760:tid 220] AH00456: Apache Lounge VC14 Server built: Dec 17 2016 10:42:52
[Wed Nov 15 15:26:29.745092 2017] [core:notice] [pid 8760:tid 220] AH00094: Command line: 'C:\\Users\\Adil\\SafetyNorth\\UniServerZ\\core\\apache2\\bin\\httpd_z.exe -d C:/Users/Adil/SafetyNorth/UniServerZ/core/apache2 -f C:\\Users\\Adil\\SafetyNorth\\UniServerZ\\core\\apache2\\conf\\httpd.conf -d C:\\Users\\Adil\\SafetyNorth\\UniServerZ\\core\\apache2'
[Wed Nov 15 15:26:29.747092 2017] [mpm_winnt:notice] [pid 8760:tid 220] AH00418: Parent: Created child process 8004
[Wed Nov 15 15:26:30.605141 2017] [mpm_winnt:notice] [pid 8004:tid 296] AH00354: Child: Starting 150 worker threads.
[Wed Nov 15 23:55:03.376921 2017] [core:warn] [pid 9004:tid 220] AH00098: pid file C:/Users/Adil/SafetyNorth/UniServerZ/core/apache2/logs/httpd.pid overwritten -- Unclean shutdown of previous Apache run?
[Wed Nov 15 23:55:03.435924 2017] [mpm_winnt:notice] [pid 9004:tid 220] AH00455: Apache/2.4.25 (Win32) PHP/7.1.1 configured -- resuming normal operations
[Wed Nov 15 23:55:03.435924 2017] [mpm_winnt:notice] [pid 9004:tid 220] AH00456: Apache Lounge VC14 Server built: Dec 17 2016 10:42:52
[Wed Nov 15 23:55:03.435924 2017] [core:notice] [pid 9004:tid 220] AH00094: Command line: 'C:\\Users\\Adil\\SafetyNorth\\UniServerZ\\core\\apache2\\bin\\httpd_z.exe -d C:/Users/Adil/SafetyNorth/UniServerZ/core/apache2 -f C:\\Users\\Adil\\SafetyNorth\\UniServerZ\\core\\apache2\\conf\\httpd.conf -d C:\\Users\\Adil\\SafetyNorth\\UniServerZ\\core\\apache2'
[Wed Nov 15 23:55:03.439925 2017] [mpm_winnt:notice] [pid 9004:tid 220] AH00418: Parent: Created child process 12728
[Wed Nov 15 23:55:05.048017 2017] [mpm_winnt:notice] [pid 12728:tid 296] AH00354: Child: Starting 150 worker threads.
[Thu Nov 16 00:45:52.333311 2017] [core:warn] [pid 13832:tid 220] AH00098: pid file C:/Users/Adil/SafetyNorth/UniServerZ/core/apache2/logs/httpd.pid overwritten -- Unclean shutdown of previous Apache run?
[Thu Nov 16 00:45:52.395315 2017] [mpm_winnt:notice] [pid 13832:tid 220] AH00455: Apache/2.4.25 (Win32) PHP/7.1.1 configured -- resuming normal operations
[Thu Nov 16 00:45:52.396315 2017] [mpm_winnt:notice] [pid 13832:tid 220] AH00456: Apache Lounge VC14 Server built: Dec 17 2016 10:42:52
[Thu Nov 16 00:45:52.396315 2017] [core:notice] [pid 13832:tid 220] AH00094: Command line: 'C:\\Users\\Adil\\SafetyNorth\\UniServerZ\\core\\apache2\\bin\\httpd_z.exe -d C:/Users/Adil/SafetyNorth/UniServerZ/core/apache2 -f C:\\Users\\Adil\\SafetyNorth\\UniServerZ\\core\\apache2\\conf\\httpd.conf -d C:\\Users\\Adil\\SafetyNorth\\UniServerZ\\core\\apache2'
[Thu Nov 16 00:45:52.401315 2017] [mpm_winnt:notice] [pid 13832:tid 220] AH00418: Parent: Created child process 13900
[Thu Nov 16 00:45:53.952404 2017] [mpm_winnt:notice] [pid 13900:tid 296] AH00354: Child: Starting 150 worker threads.
[Thu Nov 16 00:46:35.864801 2017] [php7:notice] [pid 13900:tid 1504] [client ::1:56742] The The "add_to_cart_fragments" hook uses out of date data structures and function is deprecated since version 3.2.3. Replace with woocommerce_add_to_cart_fragments., referer: http://localhost:8080/wordpress/
[Thu Nov 16 00:46:35.864801 2017] [php7:notice] [pid 13900:tid 1504] [client ::1:56742] The WC_Cart::get_cart_url function is deprecated since version 2.5. Replace with wc_get_cart_url., referer: http://localhost:8080/wordpress/
[Thu Nov 16 00:51:05.869245 2017] [php7:notice] [pid 13900:tid 1480] [client ::1:56847] The The "add_to_cart_fragments" hook uses out of date data structures and function is deprecated since version 3.2.3. Replace with woocommerce_add_to_cart_fragments., referer: http://localhost:8080/wordpress/shop/
[Thu Nov 16 00:51:05.869245 2017] [php7:notice] [pid 13900:tid 1480] [client ::1:56847] The WC_Cart::get_cart_url function is deprecated since version 2.5. Replace with wc_get_cart_url., referer: http://localhost:8080/wordpress/shop/
[Thu Nov 16 00:51:07.030311 2017] [php7:notice] [pid 13900:tid 1504] [client ::1:56852] The The "add_to_cart_fragments" hook uses out of date data structures and function is deprecated since version 3.2.3. Replace with woocommerce_add_to_cart_fragments., referer: http://localhost:8080/wordpress/
[Thu Nov 16 00:51:07.031311 2017] [php7:notice] [pid 13900:tid 1504] [client ::1:56852] The WC_Cart::get_cart_url function is deprecated since version 2.5. Replace with wc_get_cart_url., referer: http://localhost:8080/wordpress/
[Thu Nov 16 00:53:25.479230 2017] [php7:notice] [pid 13900:tid 1492] [client ::1:56925] The The "add_to_cart_fragments" hook uses out of date data structures and function is deprecated since version 3.2.3. Replace with woocommerce_add_to_cart_fragments., referer: http://localhost:8080/wordpress/
[Thu Nov 16 00:53:25.479230 2017] [php7:notice] [pid 13900:tid 1492] [client ::1:56925] The WC_Cart::get_cart_url function is deprecated since version 2.5. Replace with wc_get_cart_url., referer: http://localhost:8080/wordpress/
[Thu Nov 16 00:53:26.606294 2017] [php7:notice] [pid 13900:tid 1484] [client ::1:56922] The The "add_to_cart_fragments" hook uses out of date data structures and function is deprecated since version 3.2.3. Replace with woocommerce_add_to_cart_fragments., referer: http://localhost:8080/wordpress/shop/
[Thu Nov 16 00:53:26.606294 2017] [php7:notice] [pid 13900:tid 1484] [client ::1:56922] The WC_Cart::get_cart_url function is deprecated since version 2.5. Replace with wc_get_cart_url., referer: http://localhost:8080/wordpress/shop/
[Thu Nov 16 00:56:51.891036 2017] [php7:notice] [pid 13900:tid 1484] [client ::1:57041] The The "add_to_cart_fragments" hook uses out of date data structures and function is deprecated since version 3.2.3. Replace with woocommerce_add_to_cart_fragments., referer: http://localhost:8080/wordpress/
[Thu Nov 16 00:56:51.891036 2017] [php7:notice] [pid 13900:tid 1484] [client ::1:57041] The WC_Cart::get_cart_url function is deprecated since version 2.5. Replace with wc_get_cart_url., referer: http://localhost:8080/wordpress/
[Thu Nov 16 00:56:54.555188 2017] [php7:notice] [pid 13900:tid 1508] [client ::1:57048] The The "add_to_cart_fragments" hook uses out of date data structures and function is deprecated since version 3.2.3. Replace with woocommerce_add_to_cart_fragments., referer: http://localhost:8080/wordpress/shop/
[Thu Nov 16 00:56:54.555188 2017] [php7:notice] [pid 13900:tid 1508] [client ::1:57048] The WC_Cart::get_cart_url function is deprecated since version 2.5. Replace with wc_get_cart_url., referer: http://localhost:8080/wordpress/shop/
[Thu Nov 16 01:00:01.393875 2017] [php7:notice] [pid 13900:tid 1492] [client ::1:57130] The The "add_to_cart_fragments" hook uses out of date data structures and function is deprecated since version 3.2.3. Replace with woocommerce_add_to_cart_fragments., referer: http://localhost:8080/wordpress/
[Thu Nov 16 01:00:01.393875 2017] [php7:notice] [pid 13900:tid 1492] [client ::1:57130] The WC_Cart::get_cart_url function is deprecated since version 2.5. Replace with wc_get_cart_url., referer: http://localhost:8080/wordpress/
[Thu Nov 16 01:00:02.942963 2017] [php7:notice] [pid 13900:tid 1480] [client ::1:57137] The The "add_to_cart_fragments" hook uses out of date data structures and function is deprecated since version 3.2.3. Replace with woocommerce_add_to_cart_fragments., referer: http://localhost:8080/wordpress/shop/
[Thu Nov 16 01:00:02.942963 2017] [php7:notice] [pid 13900:tid 1480] [client ::1:57137] The WC_Cart::get_cart_url function is deprecated since version 2.5. Replace with wc_get_cart_url., referer: http://localhost:8080/wordpress/shop/
[Thu Nov 16 01:02:32.820536 2017] [php7:notice] [pid 13900:tid 1512] [client ::1:57202] The The "add_to_cart_fragments" hook uses out of date data structures and function is deprecated since version 3.2.3. Replace with woocommerce_add_to_cart_fragments., referer: http://localhost:8080/wordpress/product/safety-helmet/
[Thu Nov 16 01:02:32.821536 2017] [php7:notice] [pid 13900:tid 1512] [client ::1:57202] The WC_Cart::get_cart_url function is deprecated since version 2.5. Replace with wc_get_cart_url., referer: http://localhost:8080/wordpress/product/safety-helmet/
[Thu Nov 16 01:02:35.283677 2017] [php7:notice] [pid 13900:tid 1512] [client ::1:57202] The The "add_to_cart_fragments" hook uses out of date data structures and function is deprecated since version 3.2.3. Replace with woocommerce_add_to_cart_fragments., referer: http://localhost:8080/wordpress/
[Thu Nov 16 01:02:35.283677 2017] [php7:notice] [pid 13900:tid 1512] [client ::1:57202] The WC_Cart::get_cart_url function is deprecated since version 2.5. Replace with wc_get_cart_url., referer: http://localhost:8080/wordpress/
[Thu Nov 16 01:05:13.086703 2017] [php7:notice] [pid 13900:tid 1480] [client ::1:57271] The The "add_to_cart_fragments" hook uses out of date data structures and function is deprecated since version 3.2.3. Replace with woocommerce_add_to_cart_fragments., referer: http://localhost:8080/wordpress/?customize_changeset_uuid=3b8e20a7-be7e-4b01-8d81-45a863808752&customize_theme=panoramic&customize_messenger_channel=preview-0
[Thu Nov 16 01:05:13.086703 2017] [php7:notice] [pid 13900:tid 1480] [client ::1:57271] The WC_Cart::get_cart_url function is deprecated since version 2.5. Replace with wc_get_cart_url., referer: http://localhost:8080/wordpress/?customize_changeset_uuid=3b8e20a7-be7e-4b01-8d81-45a863808752&customize_theme=panoramic&customize_messenger_channel=preview-0
[Thu Nov 16 01:08:32.233093 2017] [php7:notice] [pid 13900:tid 1480] [client ::1:57313] The The "add_to_cart_fragments" hook uses out of date data structures and function is deprecated since version 3.2.3. Replace with woocommerce_add_to_cart_fragments., referer: http://localhost:8080/wordpress/
[Thu Nov 16 01:08:32.233093 2017] [php7:notice] [pid 13900:tid 1480] [client ::1:57313] The WC_Cart::get_cart_url function is deprecated since version 2.5. Replace with wc_get_cart_url., referer: http://localhost:8080/wordpress/
[Thu Nov 16 01:12:24.200361 2017] [php7:notice] [pid 13900:tid 1480] [client ::1:57356] The The "add_to_cart_fragments" hook uses out of date data structures and function is deprecated since version 3.2.3. Replace with woocommerce_add_to_cart_fragments., referer: http://localhost:8080/wordpress/my-account/?customize_changeset_uuid=c6928b9e-4419-4326-a546-4deb46f8a447
[Thu Nov 16 01:12:24.200361 2017] [php7:notice] [pid 13900:tid 1480] [client ::1:57356] The WC_Cart::get_cart_url function is deprecated since version 2.5. Replace with wc_get_cart_url., referer: http://localhost:8080/wordpress/my-account/?customize_changeset_uuid=c6928b9e-4419-4326-a546-4deb46f8a447
[Thu Nov 16 01:53:39.218924 2017] [core:warn] [pid 12996:tid 220] AH00098: pid file C:/Users/Adil/SafetyNorth/UniServerZ/core/apache2/logs/httpd.pid overwritten -- Unclean shutdown of previous Apache run?
[Thu Nov 16 01:53:39.276927 2017] [mpm_winnt:notice] [pid 12996:tid 220] AH00455: Apache/2.4.25 (Win32) PHP/7.1.1 configured -- resuming normal operations
[Thu Nov 16 01:53:39.276927 2017] [mpm_winnt:notice] [pid 12996:tid 220] AH00456: Apache Lounge VC14 Server built: Dec 17 2016 10:42:52
[Thu Nov 16 01:53:39.276927 2017] [core:notice] [pid 12996:tid 220] AH00094: Command line: 'C:\\Users\\Adil\\SafetyNorth\\UniServerZ\\core\\apache2\\bin\\httpd_z.exe -d C:/Users/Adil/SafetyNorth/UniServerZ/core/apache2 -f C:\\Users\\Adil\\SafetyNorth\\UniServerZ\\core\\apache2\\conf\\httpd.conf -d C:\\Users\\Adil\\SafetyNorth\\UniServerZ\\core\\apache2'
[Thu Nov 16 01:53:39.280927 2017] [mpm_winnt:notice] [pid 12996:tid 220] AH00418: Parent: Created child process 15088
[Thu Nov 16 01:53:40.995025 2017] [mpm_winnt:notice] [pid 15088:tid 296] AH00354: Child: Starting 150 worker threads.
